\BOOKMARK [1][-]{section.1}{Abstract}{}% 1
\BOOKMARK [1][-]{section.2}{Problem\040Definition\040and\040Algorithm}{}% 2
\BOOKMARK [2][-]{subsection.2.1}{Two\040main\040Goal}{section.2}% 3
\BOOKMARK [2][-]{subsection.2.2}{Algorithms}{section.2}% 4
\BOOKMARK [3][-]{subsubsection.2.2.1}{Linear\040Regression}{subsection.2.2}% 5
\BOOKMARK [3][-]{subsubsection.2.2.2}{Decison\040Trees}{subsection.2.2}% 6
\BOOKMARK [3][-]{subsubsection.2.2.3}{Random\040Forest}{subsection.2.2}% 7
\BOOKMARK [3][-]{subsubsection.2.2.4}{Ranger\040Random\040Forest}{subsection.2.2}% 8
\BOOKMARK [1][-]{section.3}{Experimental\040Evaluation}{}% 9
\BOOKMARK [2][-]{subsection.3.1}{Methodology}{section.3}% 10
\BOOKMARK [3][-]{subsubsection.3.1.1}{Data\040Inspection}{subsection.3.1}% 11
\BOOKMARK [3][-]{subsubsection.3.1.2}{Data\040Cleaning\040and\040Pre-processing}{subsection.3.1}% 12
\BOOKMARK [2][-]{subsection.3.2}{Results}{section.3}% 13
\BOOKMARK [3][-]{subsubsection.3.2.1}{Linear\040Regression}{subsection.3.2}% 14
\BOOKMARK [3][-]{subsubsection.3.2.2}{Decison\040Trees}{subsection.3.2}% 15
\BOOKMARK [3][-]{subsubsection.3.2.3}{Random\040Forest}{subsection.3.2}% 16
\BOOKMARK [3][-]{subsubsection.3.2.4}{Ranger\040Random\040Forest}{subsection.3.2}% 17
\BOOKMARK [3][-]{subsubsection.3.2.5}{K-means}{subsection.3.2}% 18
\BOOKMARK [3][-]{subsubsection.3.2.6}{Hierarchical\040Clustering}{subsection.3.2}% 19
\BOOKMARK [3][-]{subsubsection.3.2.7}{Principal\040Component\040Analysis}{subsection.3.2}% 20
\BOOKMARK [2][-]{subsection.3.3}{Discussion}{section.3}% 21
\BOOKMARK [3][-]{subsubsection.3.3.1}{Linear\040Regression}{subsection.3.3}% 22
\BOOKMARK [3][-]{subsubsection.3.3.2}{Decision\040Tree}{subsection.3.3}% 23
\BOOKMARK [2][-]{subsection.3.4}{Random\040Forest}{section.3}% 24
\BOOKMARK [2][-]{subsection.3.5}{Ranger\040Random\040Forest}{section.3}% 25
\BOOKMARK [1][-]{section.4}{Conclusion}{}% 26
\BOOKMARK [2][-]{subsection.4.1}{Linear\040Regression}{section.4}% 27
\BOOKMARK [2][-]{subsection.4.2}{Decision\040Tree}{section.4}% 28
\BOOKMARK [2][-]{subsection.4.3}{Random\040Forest}{section.4}% 29
\BOOKMARK [3][-]{subsubsection.4.3.1}{Ranger\040Random\040Forest}{subsection.4.3}% 30
\BOOKMARK [1][-]{section.5}{Appendix}{}% 31
\BOOKMARK [1][-]{section.6}{Tabelle\040e\040grafici}{}% 32
\BOOKMARK [2][-]{subsection.6.1}{Tabelle}{section.6}% 33
\BOOKMARK [2][-]{subsection.6.2}{Grafici}{section.6}% 34
\BOOKMARK [2][-]{subsection.6.3}{Footnote}{section.6}% 35
\BOOKMARK [1][-]{subsection.6.3}{References}{}% 36
