This is pdfTeX, Version 3.14159265-2.6-1.40.21 (MiKTeX 20.6.29) (preloaded format=pdflatex 2020.7.3)  3 JUL 2020 16:08
entering extended mode
**./project.tex
(project.tex
LaTeX2e <2020-02-02> patch level 5
L3 programming layer <2020-06-18> ("C:\Program Files\MiKTeX 2.9\tex/latex/base\
article.cls"
Document Class: article 2019/12/20 v1.4l Standard LaTeX document class
("C:\Program Files\MiKTeX 2.9\tex/latex/base\size10.clo"
File: size10.clo 2019/12/20 v1.4l Standard LaTeX file (size option)
)
\c@part=\count167
\c@section=\count168
\c@subsection=\count169
\c@subsubsection=\count170
\c@paragraph=\count171
\c@subparagraph=\count172
\c@figure=\count173
\c@table=\count174
\abovecaptionskip=\skip47
\belowcaptionskip=\skip48
\bibindent=\dimen134
) ("C:\Program Files\MiKTeX 2.9\tex/latex/lm\lmodern.sty"
Package: lmodern 2009/10/30 v1.6 Latin Modern Fonts
LaTeX Font Info:    Overwriting symbol font `operators' in version `normal'
(Font)                  OT1/cmr/m/n --> OT1/lmr/m/n on input line 22.
LaTeX Font Info:    Overwriting symbol font `letters' in version `normal'
(Font)                  OML/cmm/m/it --> OML/lmm/m/it on input line 23.
LaTeX Font Info:    Overwriting symbol font `symbols' in version `normal'
(Font)                  OMS/cmsy/m/n --> OMS/lmsy/m/n on input line 24.
LaTeX Font Info:    Overwriting symbol font `largesymbols' in version `normal'
(Font)                  OMX/cmex/m/n --> OMX/lmex/m/n on input line 25.
LaTeX Font Info:    Overwriting symbol font `operators' in version `bold'
(Font)                  OT1/cmr/bx/n --> OT1/lmr/bx/n on input line 26.
LaTeX Font Info:    Overwriting symbol font `letters' in version `bold'
(Font)                  OML/cmm/b/it --> OML/lmm/b/it on input line 27.
LaTeX Font Info:    Overwriting symbol font `symbols' in version `bold'
(Font)                  OMS/cmsy/b/n --> OMS/lmsy/b/n on input line 28.
LaTeX Font Info:    Overwriting symbol font `largesymbols' in version `bold'
(Font)                  OMX/cmex/m/n --> OMX/lmex/m/n on input line 29.
LaTeX Font Info:    Overwriting math alphabet `\mathbf' in version `normal'
(Font)                  OT1/cmr/bx/n --> OT1/lmr/bx/n on input line 31.
LaTeX Font Info:    Overwriting math alphabet `\mathsf' in version `normal'
(Font)                  OT1/cmss/m/n --> OT1/lmss/m/n on input line 32.
LaTeX Font Info:    Overwriting math alphabet `\mathit' in version `normal'
(Font)                  OT1/cmr/m/it --> OT1/lmr/m/it on input line 33.
LaTeX Font Info:    Overwriting math alphabet `\mathtt' in version `normal'
(Font)                  OT1/cmtt/m/n --> OT1/lmtt/m/n on input line 34.
LaTeX Font Info:    Overwriting math alphabet `\mathbf' in version `bold'
(Font)                  OT1/cmr/bx/n --> OT1/lmr/bx/n on input line 35.
LaTeX Font Info:    Overwriting math alphabet `\mathsf' in version `bold'
(Font)                  OT1/cmss/bx/n --> OT1/lmss/bx/n on input line 36.
LaTeX Font Info:    Overwriting math alphabet `\mathit' in version `bold'
(Font)                  OT1/cmr/bx/it --> OT1/lmr/bx/it on input line 37.
LaTeX Font Info:    Overwriting math alphabet `\mathtt' in version `bold'
(Font)                  OT1/cmtt/m/n --> OT1/lmtt/m/n on input line 38.
) ("C:\Program Files\MiKTeX 2.9\tex/latex/amsfonts\amssymb.sty"
Package: amssymb 2013/01/14 v3.01 AMS font symbols
("C:\Program Files\MiKTeX 2.9\tex/latex/amsfonts\amsfonts.sty"
Package: amsfonts 2013/01/14 v3.01 Basic AMSFonts support
\@emptytoks=\toks15
\symAMSa=\mathgroup4
\symAMSb=\mathgroup5
LaTeX Font Info:    Redeclaring math symbol \hbar on input line 98.
LaTeX Font Info:    Overwriting math alphabet `\mathfrak' in version `bold'
(Font)                  U/euf/m/n --> U/euf/b/n on input line 106.
)) ("C:\Program Files\MiKTeX 2.9\tex/latex/amsmath\amsmath.sty"
Package: amsmath 2020/01/20 v2.17e AMS math features
\@mathmargin=\skip49
For additional information on amsmath, use the `?' option.
("C:\Program Files\MiKTeX 2.9\tex/latex/amsmath\amstext.sty"
Package: amstext 2000/06/29 v2.01 AMS text
("C:\Program Files\MiKTeX 2.9\tex/latex/amsmath\amsgen.sty"
File: amsgen.sty 1999/11/30 v2.0 generic functions
\@emptytoks=\toks16
\ex@=\dimen135
)) ("C:\Program Files\MiKTeX 2.9\tex/latex/amsmath\amsbsy.sty"
Package: amsbsy 1999/11/29 v1.2d Bold Symbols
\pmbraise@=\dimen136
) ("C:\Program Files\MiKTeX 2.9\tex/latex/amsmath\amsopn.sty"
Package: amsopn 2016/03/08 v2.02 operator names
)
\inf@bad=\count175
LaTeX Info: Redefining \frac on input line 227.
\uproot@=\count176
\leftroot@=\count177
LaTeX Info: Redefining \overline on input line 389.
\classnum@=\count178
\DOTSCASE@=\count179
LaTeX Info: Redefining \ldots on input line 486.
LaTeX Info: Redefining \dots on input line 489.
LaTeX Info: Redefining \cdots on input line 610.
\Mathstrutbox@=\box45
\strutbox@=\box46
\big@size=\dimen137
LaTeX Font Info:    Redeclaring font encoding OML on input line 733.
LaTeX Font Info:    Redeclaring font encoding OMS on input line 734.
\macc@depth=\count180
\c@MaxMatrixCols=\count181
\dotsspace@=\muskip16
\c@parentequation=\count182
\dspbrk@lvl=\count183
\tag@help=\toks17
\row@=\count184
\column@=\count185
\maxfields@=\count186
\andhelp@=\toks18
\eqnshift@=\dimen138
\alignsep@=\dimen139
\tagshift@=\dimen140
\tagwidth@=\dimen141
\totwidth@=\dimen142
\lineht@=\dimen143
\@envbody=\toks19
\multlinegap=\skip50
\multlinetaggap=\skip51
\mathdisplay@stack=\toks20
LaTeX Info: Redefining \[ on input line 2859.
LaTeX Info: Redefining \] on input line 2860.
) ("C:\Program Files\MiKTeX 2.9\tex/generic/iftex\ifxetex.sty"
Package: ifxetex 2019/10/25 v0.7 ifxetex legacy package. Use iftex instead.
("C:\Program Files\MiKTeX 2.9\tex/generic/iftex\iftex.sty"
Package: iftex 2020/03/06 v1.0d TeX engine tests
)) ("C:\Program Files\MiKTeX 2.9\tex/generic/iftex\ifluatex.sty"
Package: ifluatex 2019/10/25 v1.5 ifluatex legacy package. Use iftex instead.
) ("C:\Program Files\MiKTeX 2.9\tex/latex/base\fontenc.sty"
Package: fontenc 2020/02/11 v2.0o Standard LaTeX package
LaTeX Font Info:    Trying to load font information for T1+lmr on input line 11
2.
("C:\Program Files\MiKTeX 2.9\tex/latex/lm\t1lmr.fd"
File: t1lmr.fd 2009/10/30 v1.6 Font defs for Latin Modern
)) ("C:\Program Files\MiKTeX 2.9\tex/latex/base\inputenc.sty"
Package: inputenc 2018/08/11 v1.3c Input encoding file
\inpenc@prehook=\toks21
\inpenc@posthook=\toks22
) ("C:\Program Files\MiKTeX 2.9\tex/latex/base\textcomp.sty"
Package: textcomp 2020/02/02 v2.0n Standard LaTeX package
) ("C:\Program Files\MiKTeX 2.9\tex/latex/upquote\upquote.sty"
Package: upquote 2012/04/19 v1.3 upright-quote and grave-accent glyphs in verba
tim
) ("C:\Program Files\MiKTeX 2.9\tex/latex/microtype\microtype.sty"
Package: microtype 2019/11/18 v2.7d Micro-typographical refinements (RS)
("C:\Program Files\MiKTeX 2.9\tex/latex/graphics\keyval.sty"
Package: keyval 2014/10/28 v1.15 key=value parser (DPC)
\KV@toks@=\toks23
)
\MT@toks=\toks24
\MT@count=\count187
LaTeX Info: Redefining \textls on input line 790.
\MT@outer@kern=\dimen144
LaTeX Info: Redefining \textmicrotypecontext on input line 1354.
\MT@listname@count=\count188
("C:\Program Files\MiKTeX 2.9\tex/latex/microtype\microtype-pdftex.def"
File: microtype-pdftex.def 2019/11/18 v2.7d Definitions specific to pdftex (RS)

LaTeX Info: Redefining \lsstyle on input line 914.
LaTeX Info: Redefining \lslig on input line 914.
\MT@outer@space=\skip52
)
Package microtype Info: Loading configuration file microtype.cfg.
("C:\Program Files\MiKTeX 2.9\tex/latex/microtype\microtype.cfg"
File: microtype.cfg 2019/11/18 v2.7d microtype main configuration file (RS)
)) ("C:\Program Files\MiKTeX 2.9\tex/latex/parskip\parskip.sty"
Package: parskip 2020-06-15 v2.0f non-zero parskip adjustments
("C:\Program Files\MiKTeX 2.9\tex/latex/kvoptions\kvoptions.sty"
Package: kvoptions 2019/11/29 v3.13 Key value format for package options (HO)
("C:\Program Files\MiKTeX 2.9\tex/generic/ltxcmds\ltxcmds.sty"
Package: ltxcmds 2019/12/15 v1.24 LaTeX kernel commands for general use (HO)
) ("C:\Program Files\MiKTeX 2.9\tex/generic/kvsetkeys\kvsetkeys.sty"
Package: kvsetkeys 2019/12/15 v1.18 Key value parser (HO)
)) ("C:\Program Files\MiKTeX 2.9\tex/latex/etoolbox\etoolbox.sty"
Package: etoolbox 2019/09/21 v2.5h e-TeX tools for LaTeX (JAW)
\etb@tempcnta=\count189
)) ("C:\Program Files\MiKTeX 2.9\tex/latex/xcolor\xcolor.sty"
Package: xcolor 2016/05/11 v2.12 LaTeX color extensions (UK)
("C:\Program Files\MiKTeX 2.9\tex/latex/graphics-cfg\color.cfg"
File: color.cfg 2016/01/02 v1.6 sample color configuration
)
Package xcolor Info: Driver file: pdftex.def on input line 225.
("C:\Program Files\MiKTeX 2.9\tex/latex/graphics-def\pdftex.def"
File: pdftex.def 2018/01/08 v1.0l Graphics/color driver for pdftex
)
Package xcolor Info: Model `cmy' substituted by `cmy0' on input line 1348.
Package xcolor Info: Model `hsb' substituted by `rgb' on input line 1352.
Package xcolor Info: Model `RGB' extended on input line 1364.
Package xcolor Info: Model `HTML' substituted by `rgb' on input line 1366.
Package xcolor Info: Model `Hsb' substituted by `hsb' on input line 1367.
Package xcolor Info: Model `tHsb' substituted by `hsb' on input line 1368.
Package xcolor Info: Model `HSB' substituted by `hsb' on input line 1369.
Package xcolor Info: Model `Gray' substituted by `gray' on input line 1370.
Package xcolor Info: Model `wave' substituted by `hsb' on input line 1371.
) ("C:\Program Files\MiKTeX 2.9\tex/latex/xurl\xurl.sty"
Package: xurl 2020/01/24 v 0.09 modify URL breaks
("C:\Program Files\MiKTeX 2.9\tex/latex/url\url.sty"
\Urlmuskip=\muskip17
Package: url 2013/09/16  ver 3.4  Verb mode for urls, etc.
)) ("C:\Program Files\MiKTeX 2.9\tex/latex/bookmark\bookmark.sty"
Package: bookmark 2019/12/03 v1.28 PDF bookmarks (HO)
("C:\Program Files\MiKTeX 2.9\tex/latex/hyperref\hyperref.sty"
Package: hyperref 2020-05-15 v7.00e Hypertext links for LaTeX
("C:\Program Files\MiKTeX 2.9\tex/generic/pdftexcmds\pdftexcmds.sty"
Package: pdftexcmds 2020-06-27 v0.33 Utility functions of pdfTeX for LuaTeX (HO
)
("C:\Program Files\MiKTeX 2.9\tex/generic/infwarerr\infwarerr.sty"
Package: infwarerr 2019/12/03 v1.5 Providing info/warning/error messages (HO)
)
Package pdftexcmds Info: \pdf@primitive is available.
Package pdftexcmds Info: \pdf@ifprimitive is available.
Package pdftexcmds Info: \pdfdraftmode found.
) ("C:\Program Files\MiKTeX 2.9\tex/generic/kvdefinekeys\kvdefinekeys.sty"
Package: kvdefinekeys 2019-12-19 v1.6 Define keys (HO)
) ("C:\Program Files\MiKTeX 2.9\tex/generic/pdfescape\pdfescape.sty"
Package: pdfescape 2019/12/09 v1.15 Implements pdfTeX's escape features (HO)
) ("C:\Program Files\MiKTeX 2.9\tex/latex/hycolor\hycolor.sty"
Package: hycolor 2020-01-27 v1.10 Color options for hyperref/bookmark (HO)
) ("C:\Program Files\MiKTeX 2.9\tex/latex/letltxmacro\letltxmacro.sty"
Package: letltxmacro 2019/12/03 v1.6 Let assignment for LaTeX macros (HO)
) ("C:\Program Files\MiKTeX 2.9\tex/latex/auxhook\auxhook.sty"
Package: auxhook 2019-12-17 v1.6 Hooks for auxiliary files (HO)
)
\@linkdim=\dimen145
\Hy@linkcounter=\count190
\Hy@pagecounter=\count191
("C:\Program Files\MiKTeX 2.9\tex/latex/hyperref\pd1enc.def"
File: pd1enc.def 2020-05-15 v7.00e Hyperref: PDFDocEncoding definition (HO)
Now handling font encoding PD1 ...
... no UTF-8 mapping file for font encoding PD1
) ("C:\Program Files\MiKTeX 2.9\tex/generic/intcalc\intcalc.sty"
Package: intcalc 2019/12/15 v1.3 Expandable calculations with integers (HO)
) ("C:\Program Files\MiKTeX 2.9\tex/generic/etexcmds\etexcmds.sty"
Package: etexcmds 2019/12/15 v1.7 Avoid name clashes with e-TeX commands (HO)
)
\Hy@SavedSpaceFactor=\count192
Package hyperref Info: Option `unicode' set `true' on input line 4338.
("C:\Program Files\MiKTeX 2.9\tex/latex/hyperref\puenc.def"
File: puenc.def 2020-05-15 v7.00e Hyperref: PDF Unicode definition (HO)
Now handling font encoding PU ...
... no UTF-8 mapping file for font encoding PU
)
Package hyperref Info: Hyper figures OFF on input line 4464.
Package hyperref Info: Link nesting OFF on input line 4469.
Package hyperref Info: Hyper index ON on input line 4472.
Package hyperref Info: Plain pages OFF on input line 4479.
Package hyperref Info: Backreferencing OFF on input line 4484.
Package hyperref Info: Implicit mode ON; LaTeX internals redefined.
Package hyperref Info: Bookmarks ON on input line 4717.
\c@Hy@tempcnt=\count193
LaTeX Info: Redefining \url on input line 5076.
\XeTeXLinkMargin=\dimen146
("C:\Program Files\MiKTeX 2.9\tex/generic/bitset\bitset.sty"
Package: bitset 2019/12/09 v1.3 Handle bit-vector datatype (HO)
("C:\Program Files\MiKTeX 2.9\tex/generic/bigintcalc\bigintcalc.sty"
Package: bigintcalc 2019/12/15 v1.5 Expandable calculations on big integers (HO
)
))
\Fld@menulength=\count194
\Field@Width=\dimen147
\Fld@charsize=\dimen148
Package hyperref Info: Hyper figures OFF on input line 6347.
Package hyperref Info: Link nesting OFF on input line 6352.
Package hyperref Info: Hyper index ON on input line 6355.
Package hyperref Info: backreferencing OFF on input line 6362.
Package hyperref Info: Link coloring OFF on input line 6367.
Package hyperref Info: Link coloring with OCG OFF on input line 6372.
Package hyperref Info: PDF/A mode OFF on input line 6377.
LaTeX Info: Redefining \ref on input line 6417.
LaTeX Info: Redefining \pageref on input line 6421.
("C:\Program Files\MiKTeX 2.9\tex/generic/atbegshi\atbegshi.sty"
Package: atbegshi 2019/12/05 v1.19 At begin shipout hook (HO)
)
\Hy@abspage=\count195
\c@Item=\count196
\c@Hfootnote=\count197
)
Package hyperref Info: Driver (autodetected): hpdftex.
("C:\Program Files\MiKTeX 2.9\tex/latex/hyperref\hpdftex.def"
File: hpdftex.def 2020-05-15 v7.00e Hyperref driver for pdfTeX
("C:\Program Files\MiKTeX 2.9\tex/latex/atveryend\atveryend.sty"
Package: atveryend 2019-12-11 v1.11 Hooks at the very end of document (HO)
)
\Fld@listcount=\count198
\c@bookmark@seq@number=\count199
("C:\Program Files\MiKTeX 2.9\tex/latex/rerunfilecheck\rerunfilecheck.sty"
Package: rerunfilecheck 2019/12/05 v1.9 Rerun checks for auxiliary files (HO)
("C:\Program Files\MiKTeX 2.9\tex/generic/uniquecounter\uniquecounter.sty"
Package: uniquecounter 2019/12/15 v1.4 Provide unlimited unique counter (HO)
)
Package uniquecounter Info: New unique counter `rerunfilecheck' on input line 2
86.
)
\Hy@SectionHShift=\skip53
) ("C:\Program Files\MiKTeX 2.9\tex/latex/bookmark\bkm-pdftex.def"
File: bkm-pdftex.def 2019/12/03 v1.28 bookmark driver for pdfTeX (HO)
\BKM@id=\count266
)) ("C:\Program Files\MiKTeX 2.9\tex/latex/geometry\geometry.sty"
Package: geometry 2020/01/02 v5.9 Page Geometry
("C:\Program Files\MiKTeX 2.9\tex/generic/iftex\ifvtex.sty"
Package: ifvtex 2019/10/25 v1.7 ifvtex legacy package. Use iftex instead.
)
\Gm@cnth=\count267
\Gm@cntv=\count268
\c@Gm@tempcnt=\count269
\Gm@bindingoffset=\dimen149
\Gm@wd@mp=\dimen150
\Gm@odd@mp=\dimen151
\Gm@even@mp=\dimen152
\Gm@layoutwidth=\dimen153
\Gm@layoutheight=\dimen154
\Gm@layouthoffset=\dimen155
\Gm@layoutvoffset=\dimen156
\Gm@dimlist=\toks25
("C:\Program Files\MiKTeX 2.9\tex/latex/geometry\geometry.cfg")) ("C:\Program F
iles\MiKTeX 2.9\tex/latex/fancyvrb\fancyvrb.sty"
Package: fancyvrb 2020/05/03 v3.6 verbatim text (tvz,hv)
\FV@CodeLineNo=\count270
\FV@InFile=\read2
\FV@TabBox=\box47
\c@FancyVerbLine=\count271
\FV@StepNumber=\count272
\FV@OutFile=\write3
) ("C:\Program Files\MiKTeX 2.9\tex/latex/framed\framed.sty"
Package: framed 2011/10/22 v 0.96: framed or shaded text with page breaks
\OuterFrameSep=\skip54
\fb@frw=\dimen157
\fb@frh=\dimen158
\FrameRule=\dimen159
\FrameSep=\dimen160
) ("C:\Program Files\MiKTeX 2.9\tex/latex/graphics\graphicx.sty"
Package: graphicx 2019/11/30 v1.2a Enhanced LaTeX Graphics (DPC,SPQR)
("C:\Program Files\MiKTeX 2.9\tex/latex/graphics\graphics.sty"
Package: graphics 2019/11/30 v1.4a Standard LaTeX Graphics (DPC,SPQR)
("C:\Program Files\MiKTeX 2.9\tex/latex/graphics\trig.sty"
Package: trig 2016/01/03 v1.10 sin cos tan (DPC)
) ("C:\Program Files\MiKTeX 2.9\tex/latex/graphics-cfg\graphics.cfg"
File: graphics.cfg 2016/06/04 v1.11 sample graphics configuration
)
Package graphics Info: Driver file: pdftex.def on input line 105.
)
\Gin@req@height=\dimen161
\Gin@req@width=\dimen162
) ("C:\Program Files\MiKTeX 2.9\tex/latex/grffile\grffile.sty"
Package: grffile 2019/11/11 v2.1 Extended file name support for graphics (legac
y)
Package grffile Info: This package is an empty stub for compatibility on input 
line 40.
) ("C:\Program Files\MiKTeX 2.9\tex/latex/l3backend\l3backend-pdfmode.def"
File: l3backend-pdfmode.def 2020-06-29 L3 backend support: PDF mode
\l__kernel_color_stack_int=\count273
\l__pdf_internal_box=\box48
)
No file project.aux.
\openout1 = `project.aux'.

LaTeX Font Info:    Checking defaults for OML/cmm/m/it on input line 106.
LaTeX Font Info:    ... okay on input line 106.
LaTeX Font Info:    Checking defaults for OMS/cmsy/m/n on input line 106.
LaTeX Font Info:    ... okay on input line 106.
LaTeX Font Info:    Checking defaults for OT1/cmr/m/n on input line 106.
LaTeX Font Info:    ... okay on input line 106.
LaTeX Font Info:    Checking defaults for T1/cmr/m/n on input line 106.
LaTeX Font Info:    ... okay on input line 106.
LaTeX Font Info:    Checking defaults for TS1/cmr/m/n on input line 106.
LaTeX Font Info:    ... okay on input line 106.
LaTeX Font Info:    Checking defaults for OMX/cmex/m/n on input line 106.
LaTeX Font Info:    ... okay on input line 106.
LaTeX Font Info:    Checking defaults for U/cmr/m/n on input line 106.
LaTeX Font Info:    ... okay on input line 106.
LaTeX Font Info:    Checking defaults for PD1/pdf/m/n on input line 106.
LaTeX Font Info:    ... okay on input line 106.
LaTeX Font Info:    Checking defaults for PU/pdf/m/n on input line 106.
LaTeX Font Info:    ... okay on input line 106.
LaTeX Info: Redefining \microtypecontext on input line 106.
Package microtype Info: Generating PDF output.
Package microtype Info: Character protrusion enabled (level 2).
Package microtype Info: Using protrusion set `basicmath'.
Package microtype Info: Automatic font expansion enabled (level 2),
(microtype)             stretch: 20, shrink: 20, step: 1, non-selected.
Package microtype Info: Using default expansion set `basictext'.
LaTeX Info: Redefining \showhyphens on input line 106.
Package microtype Info: No adjustment of tracking.
Package microtype Info: No adjustment of interword spacing.
Package microtype Info: No adjustment of character kerning.
("C:\Program Files\MiKTeX 2.9\tex/latex/microtype\mt-cmr.cfg"
File: mt-cmr.cfg 2013/05/19 v2.2 microtype config. file: Computer Modern Roman 
(RS)
) ("C:\Program Files\MiKTeX 2.9\tex/context/base/mkii\supp-pdf.mkii"
[Loading MPS to PDF converter (version 2006.09.02).]
\scratchcounter=\count274
\scratchdimen=\dimen163
\scratchbox=\box49
\nofMPsegments=\count275
\nofMParguments=\count276
\everyMPshowfont=\toks26
\MPscratchCnt=\count277
\MPscratchDim=\dimen164
\MPnumerator=\count278
\makeMPintoPDFobject=\count279
\everyMPtoPDFconversion=\toks27
) ("C:\Program Files\MiKTeX 2.9\tex/latex/epstopdf-pkg\epstopdf-base.sty"
Package: epstopdf-base 2020-01-24 v2.11 Base part for package epstopdf
Package epstopdf-base Info: Redefining graphics rule for `.eps' on input line 4
85.
)
\AtBeginShipoutBox=\box50
Package hyperref Info: Link coloring OFF on input line 106.
("C:\Program Files\MiKTeX 2.9\tex/latex/hyperref\nameref.sty"
Package: nameref 2019/09/16 v2.46 Cross-referencing by name of section
("C:\Program Files\MiKTeX 2.9\tex/latex/refcount\refcount.sty"
Package: refcount 2019/12/15 v3.6 Data extraction from label references (HO)
) ("C:\Program Files\MiKTeX 2.9\tex/generic/gettitlestring\gettitlestring.sty"
Package: gettitlestring 2019/12/15 v1.6 Cleanup title references (HO)
)
\c@section@level=\count280
)
LaTeX Info: Redefining \ref on input line 106.
LaTeX Info: Redefining \pageref on input line 106.
LaTeX Info: Redefining \nameref on input line 106.
*geometry* driver: auto-detecting
*geometry* detected driver: pdftex
*geometry* verbose mode - [ preamble ] result:
* driver: pdftex
* paper: <default>
* layout: <same size as paper>
* layoutoffset:(h,v)=(0.0pt,0.0pt)
* modes: 
* h-part:(L,W,R)=(72.26999pt, 469.75502pt, 72.26999pt)
* v-part:(T,H,B)=(72.26999pt, 650.43001pt, 72.26999pt)
* \paperwidth=614.295pt
* \paperheight=794.96999pt
* \textwidth=469.75502pt
* \textheight=650.43001pt
* \oddsidemargin=0.0pt
* \evensidemargin=0.0pt
* \topmargin=-37.0pt
* \headheight=12.0pt
* \headsep=25.0pt
* \topskip=10.0pt
* \footskip=30.0pt
* \marginparwidth=65.0pt
* \marginparsep=11.0pt
* \columnsep=10.0pt
* \skip\footins=9.0pt plus 4.0pt minus 2.0pt
* \hoffset=0.0pt
* \voffset=0.0pt
* \mag=1000
* \@twocolumnfalse
* \@twosidefalse
* \@mparswitchfalse
* \@reversemarginfalse
* (1in=72.27pt=25.4mm, 1cm=28.453pt)

LaTeX Font Info:    Trying to load font information for OT1+lmr on input line 1
08.
("C:\Program Files\MiKTeX 2.9\tex/latex/lm\ot1lmr.fd"
File: ot1lmr.fd 2009/10/30 v1.6 Font defs for Latin Modern
)
LaTeX Font Info:    Trying to load font information for OML+lmm on input line 1
08.
("C:\Program Files\MiKTeX 2.9\tex/latex/lm\omllmm.fd"
File: omllmm.fd 2009/10/30 v1.6 Font defs for Latin Modern
)
LaTeX Font Info:    Trying to load font information for OMS+lmsy on input line 
108.
("C:\Program Files\MiKTeX 2.9\tex/latex/lm\omslmsy.fd"
File: omslmsy.fd 2009/10/30 v1.6 Font defs for Latin Modern
)
LaTeX Font Info:    Trying to load font information for OMX+lmex on input line 
108.
("C:\Program Files\MiKTeX 2.9\tex/latex/lm\omxlmex.fd"
File: omxlmex.fd 2009/10/30 v1.6 Font defs for Latin Modern
)
LaTeX Font Info:    External font `lmex10' loaded for size
(Font)              <12> on input line 108.
LaTeX Font Info:    External font `lmex10' loaded for size
(Font)              <8> on input line 108.
LaTeX Font Info:    External font `lmex10' loaded for size
(Font)              <6> on input line 108.
LaTeX Font Info:    Trying to load font information for U+msa on input line 108
.
("C:\Program Files\MiKTeX 2.9\tex/latex/amsfonts\umsa.fd"
File: umsa.fd 2013/01/14 v3.01 AMS symbols A
) ("C:\Program Files\MiKTeX 2.9\tex/latex/microtype\mt-msa.cfg"
File: mt-msa.cfg 2006/02/04 v1.1 microtype config. file: AMS symbols (a) (RS)
)
LaTeX Font Info:    Trying to load font information for U+msb on input line 108
.
("C:\Program Files\MiKTeX 2.9\tex/latex/amsfonts\umsb.fd"
File: umsb.fd 2013/01/14 v3.01 AMS symbols B
) ("C:\Program Files\MiKTeX 2.9\tex/latex/microtype\mt-msb.cfg"
File: mt-msb.cfg 2005/06/01 v1.0 microtype config. file: AMS symbols (b) (RS)
)
LaTeX Font Info:    Trying to load font information for T1+lmtt on input line 1
10.
("C:\Program Files\MiKTeX 2.9\tex/latex/lm\t1lmtt.fd"
File: t1lmtt.fd 2009/10/30 v1.6 Font defs for Latin Modern
)
LaTeX Font Info:    Font shape `T1/lmtt/bx/n' in size <10> not available
(Font)              Font shape `T1/lmtt/b/n' tried instead on input line 112.
LaTeX Font Info:    Trying to load font information for TS1+lmtt on input line 
122.
("C:\Program Files\MiKTeX 2.9\tex/latex/lm\ts1lmtt.fd"
File: ts1lmtt.fd 2009/10/30 v1.6 Font defs for Latin Modern
) [1

{C:/Users/andre/AppData/Local/MiKTeX/2.9/pdftex/config/pdftex.map}] [2]
<project_files/figure-latex/unnamed-chunk-3-1.pdf, id=22, 469.755pt x 325.215pt
>
File: project_files/figure-latex/unnamed-chunk-3-1.pdf Graphic file (type pdf)
<use project_files/figure-latex/unnamed-chunk-3-1.pdf>
Package pdftex.def Info: project_files/figure-latex/unnamed-chunk-3-1.pdf  used
 on input line 249.
(pdftex.def)             Requested size: 469.75386pt x 325.2142pt.
[3 <./project_files/figure-latex/unnamed-chunk-3-1.pdf>]
Overfull \hbox (76.2434pt too wide) in paragraph at lines 297--297
[]\T1/lmtt/m/n/10 ## -- Attaching packages ------------------------------------
------------------------ tidyverse 1.3.0 --[] 
 []


Overfull \hbox (76.2434pt too wide) in paragraph at lines 309--309
[]\T1/lmtt/m/n/10 ## -- Conflicts ---------------------------------------------
------------------ tidyverse_conflicts() --[] 
 []

[4]
<project_files/figure-latex/unnamed-chunk-6-1.pdf, id=45, 469.755pt x 325.215pt
>
File: project_files/figure-latex/unnamed-chunk-6-1.pdf Graphic file (type pdf)
<use project_files/figure-latex/unnamed-chunk-6-1.pdf>
Package pdftex.def Info: project_files/figure-latex/unnamed-chunk-6-1.pdf  used
 on input line 411.
(pdftex.def)             Requested size: 469.75386pt x 325.2142pt.
[5] [6 <./project_files/figure-latex/unnamed-chunk-6-1.pdf>] [7] [8] [9] [10] [
11] [12] [13] [14] [15] [16] [17] [18] [19] [20] [21] [22] [23] [24] [25] [26] 
[27] [28] [29] [30] [31] [32] [33] [34] [35] [36] [37] [38] [39] [40] [41] [42]
[43] [44] [45] [46] [47] [48] [49] [50] [51] [52] [53] [54] [55] [56] [57] [58]
[59] [60] [61] [62] [63] [64] [65] [66] [67] [68] [69] [70] [71] [72] [73] [74]
[75] [76] [77] [78] [79] [80] [81] [82] [83] [84] [85] [86] [87] [88] [89] [90]
[91] [92] [93] [94] [95] [96] [97] [98] [99] [100] [101] [102] [103] [104] [105
] [106] [107] [108] [109] [110] [111] [112] [113] [114] [115] [116] [117] [118]
[119] [120] [121] [122] [123] [124] [125] [126] [127] [128] [129] [130] [131] [
132] [133] [134] [135] [136] [137] [138] [139] [140] [141] [142] [143] [144] [1
45] [146] [147] [148] [149] [150] [151] [152] [153] [154] [155] [156] [157] [15
8] [159] [160] [161] [162] [163] [164] [165] [166] [167] [168] [169] [170] [171
] [172] [173] [174] [175] [176] [177] [178] [179] [180] [181] [182] [183] [184]
[185] [186] [187] [188] [189] [190] [191] [192] [193] [194] [195] [196] [197] [
198] [199] [200] [201] [202] [203] [204] [205] [206] [207] [208] [209] [210] [2
11] [212] [213] [214] [215] [216] [217] [218] [219] [220] [221] [222] [223] [22
4] [225] [226] [227] [228] [229] [230] [231] [232] [233] [234] [235] [236] [237
] [238] [239] [240] [241] [242] [243] [244] [245] [246] [247] [248] [249] [250]
[251] [252] [253] [254] [255] [256] [257] [258] [259] [260] [261] [262] [263] [
264] [265] [266] [267] [268] [269] [270] [271] [272] [273] [274] [275] [276] [2
77] [278] [279] [280] [281] [282] [283] [284] [285] [286] [287] [288] [289] [29
0] [291] [292] [293] [294] [295] [296] [297] [298] [299] [300] [301] [302] [303
] [304] [305] [306] [307] [308] [309] [310] [311] [312] [313] [314] [315] [316]
[317] [318] [319] [320] [321] [322] [323] [324]
LaTeX Font Info:    External font `lmex10' loaded for size
(Font)              <10> on input line 17741.
LaTeX Font Info:    External font `lmex10' loaded for size
(Font)              <7> on input line 17741.
LaTeX Font Info:    External font `lmex10' loaded for size
(Font)              <5> on input line 17741.
[325]
<project_files/figure-latex/unnamed-chunk-9-1.pdf, id=1395, 469.755pt x 325.215
pt>
File: project_files/figure-latex/unnamed-chunk-9-1.pdf Graphic file (type pdf)
<use project_files/figure-latex/unnamed-chunk-9-1.pdf>
Package pdftex.def Info: project_files/figure-latex/unnamed-chunk-9-1.pdf  used
 on input line 17806.
(pdftex.def)             Requested size: 469.75386pt x 325.2142pt.
<project_files/figure-latex/unnamed-chunk-9-2.pdf, id=1396, 469.755pt x 325.215
pt>
File: project_files/figure-latex/unnamed-chunk-9-2.pdf Graphic file (type pdf)
<use project_files/figure-latex/unnamed-chunk-9-2.pdf>
Package pdftex.def Info: project_files/figure-latex/unnamed-chunk-9-2.pdf  used
 on input line 17807.
(pdftex.def)             Requested size: 469.75386pt x 325.2142pt.
<project_files/figure-latex/unnamed-chunk-9-3.pdf, id=1397, 469.755pt x 325.215
pt>
File: project_files/figure-latex/unnamed-chunk-9-3.pdf Graphic file (type pdf)
<use project_files/figure-latex/unnamed-chunk-9-3.pdf>
Package pdftex.def Info: project_files/figure-latex/unnamed-chunk-9-3.pdf  used
 on input line 17808.
(pdftex.def)             Requested size: 469.75386pt x 325.2142pt.
<project_files/figure-latex/unnamed-chunk-9-4.pdf, id=1398, 469.755pt x 325.215
pt>
File: project_files/figure-latex/unnamed-chunk-9-4.pdf Graphic file (type pdf)
<use project_files/figure-latex/unnamed-chunk-9-4.pdf>
Package pdftex.def Info: project_files/figure-latex/unnamed-chunk-9-4.pdf  used
 on input line 17809.
(pdftex.def)             Requested size: 469.75386pt x 325.2142pt.

Underfull \hbox (badness 10000) in paragraph at lines 17806--17810
[][]
 []


Underfull \hbox (badness 10000) in paragraph at lines 17806--17810
[]
 []


Underfull \hbox (badness 10000) in paragraph at lines 17806--17810
[]
 []

[326] [327 <./project_files/figure-latex/unnamed-chunk-9-1.pdf>] [328 <./projec
t_files/figure-latex/unnamed-chunk-9-2.pdf>] [329 <./project_files/figure-latex
/unnamed-chunk-9-3.pdf>] [330 <./project_files/figure-latex/unnamed-chunk-9-4.p
df>]
<project_files/figure-latex/unnamed-chunk-10-1.pdf, id=1439, 469.755pt x 325.21
5pt>
File: project_files/figure-latex/unnamed-chunk-10-1.pdf Graphic file (type pdf)

<use project_files/figure-latex/unnamed-chunk-10-1.pdf>
Package pdftex.def Info: project_files/figure-latex/unnamed-chunk-10-1.pdf  use
d on input line 17884.
(pdftex.def)             Requested size: 469.75386pt x 325.2142pt.
<project_files/figure-latex/unnamed-chunk-10-2.pdf, id=1440, 469.755pt x 325.21
5pt>
File: project_files/figure-latex/unnamed-chunk-10-2.pdf Graphic file (type pdf)

<use project_files/figure-latex/unnamed-chunk-10-2.pdf>
Package pdftex.def Info: project_files/figure-latex/unnamed-chunk-10-2.pdf  use
d on input line 17885.
(pdftex.def)             Requested size: 469.75386pt x 325.2142pt.
<project_files/figure-latex/unnamed-chunk-10-3.pdf, id=1441, 469.755pt x 325.21
5pt>
File: project_files/figure-latex/unnamed-chunk-10-3.pdf Graphic file (type pdf)

<use project_files/figure-latex/unnamed-chunk-10-3.pdf>
Package pdftex.def Info: project_files/figure-latex/unnamed-chunk-10-3.pdf  use
d on input line 17886.
(pdftex.def)             Requested size: 469.75386pt x 325.2142pt.
<project_files/figure-latex/unnamed-chunk-10-4.pdf, id=1442, 469.755pt x 325.21
5pt>
File: project_files/figure-latex/unnamed-chunk-10-4.pdf Graphic file (type pdf)

<use project_files/figure-latex/unnamed-chunk-10-4.pdf>
Package pdftex.def Info: project_files/figure-latex/unnamed-chunk-10-4.pdf  use
d on input line 17887.
(pdftex.def)             Requested size: 469.75386pt x 325.2142pt.

Underfull \hbox (badness 10000) in paragraph at lines 17884--17888
[][]
 []


Underfull \hbox (badness 10000) in paragraph at lines 17884--17888
[]
 []


Underfull \hbox (badness 10000) in paragraph at lines 17884--17888
[]
 []

[331 <./project_files/figure-latex/unnamed-chunk-10-1.pdf>] [332 <./project_fil
es/figure-latex/unnamed-chunk-10-2.pdf>] [333 <./project_files/figure-latex/unn
amed-chunk-10-3.pdf>] [334 <./project_files/figure-latex/unnamed-chunk-10-4.pdf
>]
<project_files/figure-latex/unnamed-chunk-11-1.pdf, id=1480, 469.755pt x 325.21
5pt>
File: project_files/figure-latex/unnamed-chunk-11-1.pdf Graphic file (type pdf)

<use project_files/figure-latex/unnamed-chunk-11-1.pdf>
Package pdftex.def Info: project_files/figure-latex/unnamed-chunk-11-1.pdf  use
d on input line 17960.
(pdftex.def)             Requested size: 469.75386pt x 325.2142pt.
<project_files/figure-latex/unnamed-chunk-11-2.pdf, id=1481, 469.755pt x 325.21
5pt>
File: project_files/figure-latex/unnamed-chunk-11-2.pdf Graphic file (type pdf)

<use project_files/figure-latex/unnamed-chunk-11-2.pdf>
Package pdftex.def Info: project_files/figure-latex/unnamed-chunk-11-2.pdf  use
d on input line 17961.
(pdftex.def)             Requested size: 469.75386pt x 325.2142pt.
<project_files/figure-latex/unnamed-chunk-11-3.pdf, id=1482, 469.755pt x 325.21
5pt>
File: project_files/figure-latex/unnamed-chunk-11-3.pdf Graphic file (type pdf)

<use project_files/figure-latex/unnamed-chunk-11-3.pdf>
Package pdftex.def Info: project_files/figure-latex/unnamed-chunk-11-3.pdf  use
d on input line 17962.
(pdftex.def)             Requested size: 469.75386pt x 325.2142pt.
<project_files/figure-latex/unnamed-chunk-11-4.pdf, id=1483, 469.755pt x 325.21
5pt>
File: project_files/figure-latex/unnamed-chunk-11-4.pdf Graphic file (type pdf)

<use project_files/figure-latex/unnamed-chunk-11-4.pdf>
Package pdftex.def Info: project_files/figure-latex/unnamed-chunk-11-4.pdf  use
d on input line 17963.
(pdftex.def)             Requested size: 469.75386pt x 325.2142pt.

Underfull \hbox (badness 10000) in paragraph at lines 17960--17964
[][]
 []


Underfull \hbox (badness 10000) in paragraph at lines 17960--17964
[]
 []


Underfull \hbox (badness 10000) in paragraph at lines 17960--17964
[]
 []

[335 <./project_files/figure-latex/unnamed-chunk-11-1.pdf>] [336 <./project_fil
es/figure-latex/unnamed-chunk-11-2.pdf>] [337 <./project_files/figure-latex/unn
amed-chunk-11-3.pdf>]
<project_files/figure-latex/unnamed-chunk-12-1.pdf, id=1512, 469.755pt x 325.21
5pt>
File: project_files/figure-latex/unnamed-chunk-12-1.pdf Graphic file (type pdf)

<use project_files/figure-latex/unnamed-chunk-12-1.pdf>
Package pdftex.def Info: project_files/figure-latex/unnamed-chunk-12-1.pdf  use
d on input line 17977.
(pdftex.def)             Requested size: 469.75386pt x 325.2142pt.
[338 <./project_files/figure-latex/unnamed-chunk-11-4.pdf>]
Overfull \hbox (1.80095pt too wide) in paragraph at lines 17984--17986
[]\T1/lmr/m/n/10 (-20) dt = train( price~ ., data = train,method = ``rpart'') p
red2 = pre-dict(dt, data = test$\OML/lmm/m/it/10 price\OT1/lmr/m/n/10 (-20) )\O
ML/lmm/m/it/10 table\OT1/lmr/m/n/10 (-20) (\OML/lmm/m/it/10 pred\OT1/lmr/m/n/10
 (-20) 2\OML/lmm/m/it/10 ; test$\T1/lmr/m/n/10 (-20) price) 
 []

[339 <./project_files/figure-latex/unnamed-chunk-12-1.pdf>]
<project_files/figure-latex/unnamed-chunk-13-1.pdf, id=1537, 469.755pt x 325.21
5pt>
File: project_files/figure-latex/unnamed-chunk-13-1.pdf Graphic file (type pdf)

<use project_files/figure-latex/unnamed-chunk-13-1.pdf>
Package pdftex.def Info: project_files/figure-latex/unnamed-chunk-13-1.pdf  use
d on input line 18065.
(pdftex.def)             Requested size: 469.75386pt x 325.2142pt.
[340 <./project_files/figure-latex/unnamed-chunk-13-1.pdf>]
<project_files/figure-latex/unnamed-chunk-14-1.pdf, id=1547, 469.755pt x 325.21
5pt>
File: project_files/figure-latex/unnamed-chunk-14-1.pdf Graphic file (type pdf)

<use project_files/figure-latex/unnamed-chunk-14-1.pdf>
Package pdftex.def Info: project_files/figure-latex/unnamed-chunk-14-1.pdf  use
d on input line 18124.
(pdftex.def)             Requested size: 469.75386pt x 325.2142pt.
[341 <./project_files/figure-latex/unnamed-chunk-14-1.pdf>]
<project_files/figure-latex/unnamed-chunk-15-1.pdf, id=1557, 469.755pt x 325.21
5pt>
File: project_files/figure-latex/unnamed-chunk-15-1.pdf Graphic file (type pdf)

<use project_files/figure-latex/unnamed-chunk-15-1.pdf>
Package pdftex.def Info: project_files/figure-latex/unnamed-chunk-15-1.pdf  use
d on input line 18183.
(pdftex.def)             Requested size: 469.75386pt x 325.2142pt.
<project_files/figure-latex/unnamed-chunk-16-1.pdf, id=1558, 469.755pt x 325.21
5pt>
File: project_files/figure-latex/unnamed-chunk-16-1.pdf Graphic file (type pdf)

<use project_files/figure-latex/unnamed-chunk-16-1.pdf>
Package pdftex.def Info: project_files/figure-latex/unnamed-chunk-16-1.pdf  use
d on input line 18197.
(pdftex.def)             Requested size: 469.75386pt x 325.2142pt.
[342 <./project_files/figure-latex/unnamed-chunk-15-1.pdf>]
<project_files/figure-latex/unnamed-chunk-17-1.pdf, id=1568, 469.755pt x 325.21
5pt>
File: project_files/figure-latex/unnamed-chunk-17-1.pdf Graphic file (type pdf)

<use project_files/figure-latex/unnamed-chunk-17-1.pdf>
Package pdftex.def Info: project_files/figure-latex/unnamed-chunk-17-1.pdf  use
d on input line 18207.
(pdftex.def)             Requested size: 469.75386pt x 325.2142pt.
[343 <./project_files/figure-latex/unnamed-chunk-16-1.pdf>] [344 <./project_fil
es/figure-latex/unnamed-chunk-17-1.pdf>]
<project_files/figure-latex/unnamed-chunk-18-1.pdf, id=1594, 469.755pt x 325.21
5pt>
File: project_files/figure-latex/unnamed-chunk-18-1.pdf Graphic file (type pdf)

<use project_files/figure-latex/unnamed-chunk-18-1.pdf>
Package pdftex.def Info: project_files/figure-latex/unnamed-chunk-18-1.pdf  use
d on input line 18299.
(pdftex.def)             Requested size: 469.75386pt x 325.2142pt.
<project_files/figure-latex/unnamed-chunk-18-2.pdf, id=1595, 469.755pt x 325.21
5pt>
File: project_files/figure-latex/unnamed-chunk-18-2.pdf Graphic file (type pdf)

<use project_files/figure-latex/unnamed-chunk-18-2.pdf>
Package pdftex.def Info: project_files/figure-latex/unnamed-chunk-18-2.pdf  use
d on input line 18307.
(pdftex.def)             Requested size: 469.75386pt x 325.2142pt.
[345 <./project_files/figure-latex/unnamed-chunk-18-1.pdf>]
<project_files/figure-latex/unnamed-chunk-19-1.pdf, id=1606, 469.755pt x 325.21
5pt>
File: project_files/figure-latex/unnamed-chunk-19-1.pdf Graphic file (type pdf)

<use project_files/figure-latex/unnamed-chunk-19-1.pdf>
Package pdftex.def Info: project_files/figure-latex/unnamed-chunk-19-1.pdf  use
d on input line 18359.
(pdftex.def)             Requested size: 469.75386pt x 325.2142pt.
[346 <./project_files/figure-latex/unnamed-chunk-18-2.pdf>]
<project_files/figure-latex/unnamed-chunk-19-2.pdf, id=1617, 469.755pt x 325.21
5pt>
File: project_files/figure-latex/unnamed-chunk-19-2.pdf Graphic file (type pdf)

<use project_files/figure-latex/unnamed-chunk-19-2.pdf>
Package pdftex.def Info: project_files/figure-latex/unnamed-chunk-19-2.pdf  use
d on input line 18367.
(pdftex.def)             Requested size: 469.75386pt x 325.2142pt.
[347 <./project_files/figure-latex/unnamed-chunk-19-1.pdf>]
<project_files/figure-latex/unnamed-chunk-20-1.pdf, id=1628, 469.755pt x 325.21
5pt>
File: project_files/figure-latex/unnamed-chunk-20-1.pdf Graphic file (type pdf)

<use project_files/figure-latex/unnamed-chunk-20-1.pdf>
Package pdftex.def Info: project_files/figure-latex/unnamed-chunk-20-1.pdf  use
d on input line 18419.
(pdftex.def)             Requested size: 469.75386pt x 325.2142pt.
[348 <./project_files/figure-latex/unnamed-chunk-19-2.pdf>]
<project_files/figure-latex/unnamed-chunk-20-2.pdf, id=1639, 469.755pt x 325.21
5pt>
File: project_files/figure-latex/unnamed-chunk-20-2.pdf Graphic file (type pdf)

<use project_files/figure-latex/unnamed-chunk-20-2.pdf>
Package pdftex.def Info: project_files/figure-latex/unnamed-chunk-20-2.pdf  use
d on input line 18427.
(pdftex.def)             Requested size: 469.75386pt x 325.2142pt.
[349 <./project_files/figure-latex/unnamed-chunk-20-1.pdf>]
<project_files/figure-latex/unnamed-chunk-21-1.pdf, id=1651, 469.755pt x 325.21
5pt>
File: project_files/figure-latex/unnamed-chunk-21-1.pdf Graphic file (type pdf)

<use project_files/figure-latex/unnamed-chunk-21-1.pdf>
Package pdftex.def Info: project_files/figure-latex/unnamed-chunk-21-1.pdf  use
d on input line 18441.
(pdftex.def)             Requested size: 469.75386pt x 325.2142pt.
[350 <./project_files/figure-latex/unnamed-chunk-20-2.pdf>]
<project_files/figure-latex/unnamed-chunk-21-2.pdf, id=1662, 469.755pt x 325.21
5pt>
File: project_files/figure-latex/unnamed-chunk-21-2.pdf Graphic file (type pdf)

<use project_files/figure-latex/unnamed-chunk-21-2.pdf>
Package pdftex.def Info: project_files/figure-latex/unnamed-chunk-21-2.pdf  use
d on input line 18451.
(pdftex.def)             Requested size: 469.75386pt x 325.2142pt.
[351 <./project_files/figure-latex/unnamed-chunk-21-1.pdf>] [352 <./project_fil
es/figure-latex/unnamed-chunk-21-2.pdf>] [353] [354] [355] [356] [357] [358] [3
59] [360]
Underfull \vbox (badness 10000) detected at line 19168
 []

[361]
Overfull \hbox (97.24333pt too wide) in paragraph at lines 19295--19295
[]\T1/lmtt/m/n/10 ## Models: 5, 6, 7, 8, 9, 10, 11, 12, 13, 14, 15, 16, 17, 18,
 19, 20, 21, 22, 23, 24, 25, 26, 27, 28, 29, 30[] 
 []

[362] [363] [364] [365]
<project_files/figure-latex/unnamed-chunk-31-1.pdf, id=1741, 469.755pt x 325.21
5pt>
File: project_files/figure-latex/unnamed-chunk-31-1.pdf Graphic file (type pdf)

<use project_files/figure-latex/unnamed-chunk-31-1.pdf>
Package pdftex.def Info: project_files/figure-latex/unnamed-chunk-31-1.pdf  use
d on input line 19441.
(pdftex.def)             Requested size: 469.75386pt x 325.2142pt.
[366 <./project_files/figure-latex/unnamed-chunk-31-1.pdf>]
Overfull \hbox (443.74232pt too wide) in paragraph at lines 19511--19511
[]\T1/lmtt/m/n/10 ##  randomForest(x = train_neig_room[-3], y = train_neig_room
$price,      xtest = test_neig_room[-3], ytest = test_neig_room$price,      ntr
ee = 800, mtry = 5, maxnodes = 30)[] 
 []

<project_files/figure-latex/unnamed-chunk-32-1.pdf, id=1751, 469.755pt x 325.21
5pt>
File: project_files/figure-latex/unnamed-chunk-32-1.pdf Graphic file (type pdf)

<use project_files/figure-latex/unnamed-chunk-32-1.pdf>
Package pdftex.def Info: project_files/figure-latex/unnamed-chunk-32-1.pdf  use
d on input line 19519.
(pdftex.def)             Requested size: 469.75386pt x 325.2142pt.
[367]
<project_files/figure-latex/unnamed-chunk-32-2.pdf, id=1757, 469.755pt x 325.21
5pt>
File: project_files/figure-latex/unnamed-chunk-32-2.pdf Graphic file (type pdf)

<use project_files/figure-latex/unnamed-chunk-32-2.pdf>
Package pdftex.def Info: project_files/figure-latex/unnamed-chunk-32-2.pdf  use
d on input line 19527.
(pdftex.def)             Requested size: 469.75386pt x 325.2142pt.
[368 <./project_files/figure-latex/unnamed-chunk-32-1.pdf>] [369 <./project_fil
es/figure-latex/unnamed-chunk-32-2.pdf>] [370]
<project_files/figure-latex/unnamed-chunk-33-1.pdf, id=1784, 550.055pt x 405.51
5pt>
File: project_files/figure-latex/unnamed-chunk-33-1.pdf Graphic file (type pdf)

<use project_files/figure-latex/unnamed-chunk-33-1.pdf>
Package pdftex.def Info: project_files/figure-latex/unnamed-chunk-33-1.pdf  use
d on input line 19715.
(pdftex.def)             Requested size: 469.77313pt x 346.32909pt.
[371 <./project_files/figure-latex/unnamed-chunk-33-1.pdf>]
<project_files/figure-latex/unnamed-chunk-34-1.pdf, id=1792, 550.055pt x 405.51
5pt>
File: project_files/figure-latex/unnamed-chunk-34-1.pdf Graphic file (type pdf)

<use project_files/figure-latex/unnamed-chunk-34-1.pdf>
Package pdftex.def Info: project_files/figure-latex/unnamed-chunk-34-1.pdf  use
d on input line 19778.
(pdftex.def)             Requested size: 469.77313pt x 346.32909pt.
[372]
Overfull \hbox (7.99359pt too wide) in paragraph at lines 19803--19803
[]\T1/lmtt/m/n/10 ##  ranger(price ~ ., data = train_neig_room, write.forest = 
TRUE,      classification = F)[] 
 []

[373 <./project_files/figure-latex/unnamed-chunk-34-1.pdf>]
<project_files/figure-latex/unnamed-chunk-35-1.pdf, id=1805, 550.055pt x 405.51
5pt>
File: project_files/figure-latex/unnamed-chunk-35-1.pdf Graphic file (type pdf)

<use project_files/figure-latex/unnamed-chunk-35-1.pdf>
Package pdftex.def Info: project_files/figure-latex/unnamed-chunk-35-1.pdf  use
d on input line 19839.
(pdftex.def)             Requested size: 469.77313pt x 346.32909pt.
[374 <./project_files/figure-latex/unnamed-chunk-35-1.pdf>]
Overfull \hbox (34.24352pt too wide) in paragraph at lines 19875--19875
[]\T1/lmtt/m/n/10 ## [mbo] 0: mtry=1; min.node.size=296; sample.fraction=0.499 
: y = 0.562 : 4.2 secs : initdesign[] 
 []


Overfull \hbox (23.74355pt too wide) in paragraph at lines 19879--19879
[]\T1/lmtt/m/n/10 ## [mbo] 0: mtry=3; min.node.size=5; sample.fraction=0.555 : 
y = 0.56 : 36.1 secs : initdesign[] 
 []


Overfull \hbox (34.24352pt too wide) in paragraph at lines 19883--19883
[]\T1/lmtt/m/n/10 ## [mbo] 0: mtry=4; min.node.size=59; sample.fraction=0.428 :
 y = 0.529 : 26.5 secs : initdesign[] 
 []


Overfull \hbox (18.49356pt too wide) in paragraph at lines 19887--19887
[]\T1/lmtt/m/n/10 ## [mbo] 0: mtry=4; min.node.size=3; sample.fraction=0.74 : y
 = 0.61 : 70.1 secs : initdesign[] 
 []


Overfull \hbox (34.24352pt too wide) in paragraph at lines 19891--19891
[]\T1/lmtt/m/n/10 ## [mbo] 0: mtry=2; min.node.size=969; sample.fraction=0.648 
: y = 0.545 : 3.8 secs : initdesign[] 
 []


Overfull \hbox (28.99353pt too wide) in paragraph at lines 19895--19895
[]\T1/lmtt/m/n/10 ## [mbo] 0: mtry=3; min.node.size=3; sample.fraction=0.371 : 
y = 0.546 : 21.2 secs : initdesign[] 
 []


Overfull \hbox (34.24352pt too wide) in paragraph at lines 19899--19899
[]\T1/lmtt/m/n/10 ## [mbo] 0: mtry=4; min.node.size=664; sample.fraction=0.642 
: y = 0.539 : 7.8 secs : initdesign[] 
 []


Overfull \hbox (34.24352pt too wide) in paragraph at lines 19903--19903
[]\T1/lmtt/m/n/10 ## [mbo] 0: mtry=3; min.node.size=11; sample.fraction=0.772 :
 y = 0.568 : 32.0 secs : initdesign[] 
 []


Overfull \hbox (28.99353pt too wide) in paragraph at lines 19907--19907
[]\T1/lmtt/m/n/10 ## [mbo] 0: mtry=1; min.node.size=28; sample.fraction=0.268 :
 y = 0.561 : 2.5 secs : initdesign[] 
 []


Overfull \hbox (23.74355pt too wide) in paragraph at lines 19911--19911
[]\T1/lmtt/m/n/10 ## [mbo] 0: mtry=3; min.node.size=83; sample.fraction=0.276 :
 y = 0.53 : 6.7 secs : initdesign[] 
 []


Overfull \hbox (60.49344pt too wide) in paragraph at lines 19915--19915
[]\T1/lmtt/m/n/10 ## [mbo] 0: mtry=1; min.node.size=1.48e+03; sample.fraction=0
.719 : y = 0.569 : 2.2 secs : initdesign[] 
 []


Overfull \hbox (34.24352pt too wide) in paragraph at lines 19919--19919
[]\T1/lmtt/m/n/10 ## [mbo] 0: mtry=2; min.node.size=120; sample.fraction=0.676 
: y = 0.532 : 6.7 secs : initdesign[] 
 []


Overfull \hbox (60.49344pt too wide) in paragraph at lines 19923--19923
[]\T1/lmtt/m/n/10 ## [mbo] 0: mtry=3; min.node.size=4.29e+03; sample.fraction=0
.297 : y = 0.607 : 1.5 secs : initdesign[] 
 []


Overfull \hbox (28.99353pt too wide) in paragraph at lines 19927--19927
[]\T1/lmtt/m/n/10 ## [mbo] 0: mtry=1; min.node.size=45; sample.fraction=0.476 :
 y = 0.559 : 2.6 secs : initdesign[] 
 []


Overfull \hbox (34.24352pt too wide) in paragraph at lines 19931--19931
[]\T1/lmtt/m/n/10 ## [mbo] 0: mtry=3; min.node.size=198; sample.fraction=0.534 
: y = 0.531 : 8.0 secs : initdesign[] 
 []


Overfull \hbox (34.24352pt too wide) in paragraph at lines 19935--19935
[]\T1/lmtt/m/n/10 ## [mbo] 0: mtry=2; min.node.size=388; sample.fraction=0.879 
: y = 0.537 : 7.2 secs : initdesign[] 
 []


Overfull \hbox (28.99353pt too wide) in paragraph at lines 19939--19939
[]\T1/lmtt/m/n/10 ## [mbo] 0: mtry=2; min.node.size=20; sample.fraction=0.221 :
 y = 0.531 : 6.0 secs : initdesign[] 
 []


Overfull \hbox (28.99353pt too wide) in paragraph at lines 19943--19943
[]\T1/lmtt/m/n/10 ## [mbo] 0: mtry=2; min.node.size=16; sample.fraction=0.809 :
 y = 0.53 : 11.4 secs : initdesign[] 
 []


Overfull \hbox (60.49344pt too wide) in paragraph at lines 19947--19947
[]\T1/lmtt/m/n/10 ## [mbo] 0: mtry=1; min.node.size=3.42e+03; sample.fraction=0
.527 : y = 0.598 : 2.1 secs : initdesign[] 
 []


Overfull \hbox (23.74355pt too wide) in paragraph at lines 19951--19951
[]\T1/lmtt/m/n/10 ## [mbo] 0: mtry=1; min.node.size=7; sample.fraction=0.614 : 
y = 0.559 : 4.2 secs : initdesign[] 
 []


Overfull \hbox (34.24352pt too wide) in paragraph at lines 19955--19955
[]\T1/lmtt/m/n/10 ## [mbo] 0: mtry=4; min.node.size=10; sample.fraction=0.581 :
 y = 0.556 : 27.1 secs : initdesign[] 
 []


Overfull \hbox (60.49344pt too wide) in paragraph at lines 19959--19959
[]\T1/lmtt/m/n/10 ## [mbo] 0: mtry=4; min.node.size=1.21e+03; sample.fraction=0
.327 : y = 0.558 : 3.2 secs : initdesign[] 
 []


Overfull \hbox (55.24345pt too wide) in paragraph at lines 19963--19963
[]\T1/lmtt/m/n/10 ## [mbo] 0: mtry=3; min.node.size=2.8e+03; sample.fraction=0.
709 : y = 0.561 : 3.5 secs : initdesign[] 
 []


Overfull \hbox (55.24345pt too wide) in paragraph at lines 19967--19967
[]\T1/lmtt/m/n/10 ## [mbo] 0: mtry=1; min.node.size=1.9e+03; sample.fraction=0.
238 : y = 0.607 : 1.8 secs : initdesign[] 
 []


Overfull \hbox (23.74355pt too wide) in paragraph at lines 19971--19971
[]\T1/lmtt/m/n/10 ## [mbo] 0: mtry=2; min.node.size=2; sample.fraction=0.395 : 
y = 0.529 : 7.6 secs : initdesign[] 
 []


Overfull \hbox (23.74355pt too wide) in paragraph at lines 19975--19975
[]\T1/lmtt/m/n/10 ## [mbo] 0: mtry=1; min.node.size=33; sample.fraction=0.852 :
 y = 0.56 : 2.9 secs : initdesign[] 
 []


Overfull \hbox (28.99353pt too wide) in paragraph at lines 19979--19979
[]\T1/lmtt/m/n/10 ## [mbo] 0: mtry=4; min.node.size=4; sample.fraction=0.342 : 
y = 0.543 : 17.3 secs : initdesign[] 
 []


Overfull \hbox (34.24352pt too wide) in paragraph at lines 19983--19983
[]\T1/lmtt/m/n/10 ## [mbo] 0: mtry=4; min.node.size=476; sample.fraction=0.798 
: y = 0.538 : 9.0 secs : initdesign[] 
 []


Overfull \hbox (28.99353pt too wide) in paragraph at lines 19987--19987
[]\T1/lmtt/m/n/10 ## [mbo] 0: mtry=3; min.node.size=2; sample.fraction=0.861 : 
y = 0.636 : 35.1 secs : initdesign[] 
 []


Overfull \hbox (28.99353pt too wide) in paragraph at lines 19991--19991
[]\T1/lmtt/m/n/10 ## [mbo] 0: mtry=2; min.node.size=161; sample.fraction=0.45 :
 y = 0.535 : 5.3 secs : initdesign[] 
 []


Overfull \hbox (23.74355pt too wide) in paragraph at lines 19995--19995
[]\T1/lmtt/m/n/10 ## [mbo] 1: mtry=2; min.node.size=10; sample.fraction=0.399 :
 y = 0.529 : 6.6 secs : infill_cb[] 
 []


Overfull \hbox (18.49356pt too wide) in paragraph at lines 19999--19999
[]\T1/lmtt/m/n/10 ## [mbo] 2: mtry=2; min.node.size=2; sample.fraction=0.205 : 
y = 0.529 : 5.4 secs : infill_cb[] 
 []

[375]
Overfull \hbox (23.74355pt too wide) in paragraph at lines 20003--20003
[]\T1/lmtt/m/n/10 ## [mbo] 3: mtry=2; min.node.size=23; sample.fraction=0.563 :
 y = 0.529 : 7.3 secs : infill_cb[] 
 []


Overfull \hbox (23.74355pt too wide) in paragraph at lines 20007--20007
[]\T1/lmtt/m/n/10 ## [mbo] 4: mtry=4; min.node.size=36; sample.fraction=0.201 :
 y = 0.528 : 7.7 secs : infill_cb[] 
 []


Overfull \hbox (23.74355pt too wide) in paragraph at lines 20011--20011
[]\T1/lmtt/m/n/10 ## [mbo] 5: mtry=4; min.node.size=107; sample.fraction=0.28 :
 y = 0.531 : 7.5 secs : infill_cb[] 
 []


Overfull \hbox (18.49356pt too wide) in paragraph at lines 20015--20015
[]\T1/lmtt/m/n/10 ## [mbo] 6: mtry=2; min.node.size=4; sample.fraction=0.316 : 
y = 0.528 : 6.2 secs : infill_cb[] 
 []


Overfull \hbox (23.74355pt too wide) in paragraph at lines 20019--20019
[]\T1/lmtt/m/n/10 ## [mbo] 7: mtry=3; min.node.size=28; sample.fraction=0.325 :
 y = 0.527 : 9.8 secs : infill_cb[] 
 []


Overfull \hbox (18.49356pt too wide) in paragraph at lines 20023--20023
[]\T1/lmtt/m/n/10 ## [mbo] 8: mtry=2; min.node.size=39; sample.fraction=0.753 :
 y = 0.53 : 8.1 secs : infill_cb[] 
 []


Overfull \hbox (23.74355pt too wide) in paragraph at lines 20027--20027
[]\T1/lmtt/m/n/10 ## [mbo] 9: mtry=3; min.node.size=19; sample.fraction=0.205 :
 y = 0.526 : 7.3 secs : infill_cb[] 
 []


Overfull \hbox (28.99353pt too wide) in paragraph at lines 20031--20031
[]\T1/lmtt/m/n/10 ## [mbo] 10: mtry=4; min.node.size=21; sample.fraction=0.249 
: y = 0.527 : 9.9 secs : infill_cb[] 
 []


Overfull \hbox (28.99353pt too wide) in paragraph at lines 20035--20035
[]\T1/lmtt/m/n/10 ## [mbo] 11: mtry=3; min.node.size=28; sample.fraction=0.232 
: y = 0.527 : 7.5 secs : infill_cb[] 
 []


Overfull \hbox (28.99353pt too wide) in paragraph at lines 20039--20039
[]\T1/lmtt/m/n/10 ## [mbo] 12: mtry=2; min.node.size=20; sample.fraction=0.467 
: y = 0.529 : 6.6 secs : infill_cb[] 
 []


Overfull \hbox (28.99353pt too wide) in paragraph at lines 20043--20043
[]\T1/lmtt/m/n/10 ## [mbo] 13: mtry=4; min.node.size=41; sample.fraction=0.33 :
 y = 0.528 : 10.8 secs : infill_cb[] 
 []


Overfull \hbox (28.99353pt too wide) in paragraph at lines 20047--20047
[]\T1/lmtt/m/n/10 ## [mbo] 14: mtry=3; min.node.size=19; sample.fraction=0.248 
: y = 0.527 : 8.3 secs : infill_cb[] 
 []


Overfull \hbox (28.99353pt too wide) in paragraph at lines 20051--20051
[]\T1/lmtt/m/n/10 ## [mbo] 15: mtry=3; min.node.size=52; sample.fraction=0.403 
: y = 0.528 : 9.8 secs : infill_cb[] 
 []


Overfull \hbox (18.49356pt too wide) in paragraph at lines 20055--20055
[]\T1/lmtt/m/n/10 ## [mbo] 16: mtry=3; min.node.size=22; sample.fraction=0.2 : 
y = 0.527 : 7.1 secs : infill_cb[] 
 []


Overfull \hbox (34.24352pt too wide) in paragraph at lines 20059--20059
[]\T1/lmtt/m/n/10 ## [mbo] 17: mtry=4; min.node.size=16; sample.fraction=0.201 
: y = 0.527 : 10.4 secs : infill_cb[] 
 []


Overfull \hbox (23.74355pt too wide) in paragraph at lines 20063--20063
[]\T1/lmtt/m/n/10 ## [mbo] 18: mtry=2; min.node.size=16; sample.fraction=0.38 :
 y = 0.529 : 6.7 secs : infill_cb[] 
 []


Overfull \hbox (28.99353pt too wide) in paragraph at lines 20067--20067
[]\T1/lmtt/m/n/10 ## [mbo] 19: mtry=3; min.node.size=34; sample.fraction=0.209 
: y = 0.527 : 7.3 secs : infill_cb[] 
 []


Overfull \hbox (28.99353pt too wide) in paragraph at lines 20071--20071
[]\T1/lmtt/m/n/10 ## [mbo] 20: mtry=4; min.node.size=26; sample.fraction=0.211 
: y = 0.527 : 8.4 secs : infill_cb[] 
 []

[376]
Overfull \hbox (34.24352pt too wide) in paragraph at lines 20156--20156
[]\T1/lmtt/m/n/10 ## [mbo] 0: mtry=1; min.node.size=142; sample.fraction=0.715 
: y = 0.712 : 1.2 secs : initdesign[] 
 []


Overfull \hbox (28.99353pt too wide) in paragraph at lines 20160--20160
[]\T1/lmtt/m/n/10 ## [mbo] 0: mtry=2; min.node.size=54; sample.fraction=0.691 :
 y = 0.699 : 4.3 secs : initdesign[] 
 []


Overfull \hbox (34.24352pt too wide) in paragraph at lines 20164--20164
[]\T1/lmtt/m/n/10 ## [mbo] 0: mtry=2; min.node.size=948; sample.fraction=0.265 
: y = 0.738 : 0.9 secs : initdesign[] 
 []


Overfull \hbox (34.24352pt too wide) in paragraph at lines 20168--20168
[]\T1/lmtt/m/n/10 ## [mbo] 0: mtry=3; min.node.size=833; sample.fraction=0.395 
: y = 0.728 : 1.2 secs : initdesign[] 
 []


Overfull \hbox (18.49356pt too wide) in paragraph at lines 20172--20172
[]\T1/lmtt/m/n/10 ## [mbo] 0: mtry=3; min.node.size=7; sample.fraction=0.44 : y
 = 0.723 : 6.5 secs : initdesign[] 
 []


Overfull \hbox (23.74355pt too wide) in paragraph at lines 20176--20176
[]\T1/lmtt/m/n/10 ## [mbo] 0: mtry=3; min.node.size=5; sample.fraction=0.509 : 
y = 0.741 : 8.0 secs : initdesign[] 
 []


Overfull \hbox (34.24352pt too wide) in paragraph at lines 20180--20180
[]\T1/lmtt/m/n/10 ## [mbo] 0: mtry=1; min.node.size=294; sample.fraction=0.532 
: y = 0.719 : 1.0 secs : initdesign[] 
 []


Overfull \hbox (34.24352pt too wide) in paragraph at lines 20184--20184
[]\T1/lmtt/m/n/10 ## [mbo] 0: mtry=3; min.node.size=389; sample.fraction=0.582 
: y = 0.706 : 2.2 secs : initdesign[] 
 []


Overfull \hbox (23.74355pt too wide) in paragraph at lines 20188--20188
[]\T1/lmtt/m/n/10 ## [mbo] 0: mtry=1; min.node.size=3; sample.fraction=0.602 : 
y = 0.707 : 1.4 secs : initdesign[] 
 []


Overfull \hbox (34.24352pt too wide) in paragraph at lines 20192--20192
[]\T1/lmtt/m/n/10 ## [mbo] 0: mtry=2; min.node.size=210; sample.fraction=0.825 
: y = 0.697 : 2.8 secs : initdesign[] 
 []


Overfull \hbox (28.99353pt too wide) in paragraph at lines 20196--20196
[]\T1/lmtt/m/n/10 ## [mbo] 0: mtry=1; min.node.size=28; sample.fraction=0.773 :
 y = 0.708 : 1.4 secs : initdesign[] 
 []


Overfull \hbox (23.74355pt too wide) in paragraph at lines 20200--20200
[]\T1/lmtt/m/n/10 ## [mbo] 0: mtry=2; min.node.size=9; sample.fraction=0.746 : 
y = 0.749 : 7.2 secs : initdesign[] 
 []


Overfull \hbox (28.99353pt too wide) in paragraph at lines 20204--20204
[]\T1/lmtt/m/n/10 ## [mbo] 0: mtry=1; min.node.size=97; sample.fraction=0.333 :
 y = 0.714 : 1.1 secs : initdesign[] 
 []


Overfull \hbox (23.74355pt too wide) in paragraph at lines 20208--20208
[]\T1/lmtt/m/n/10 ## [mbo] 0: mtry=2; min.node.size=3; sample.fraction=0.316 : 
y = 0.712 : 4.7 secs : initdesign[] 
 []


Overfull \hbox (28.99353pt too wide) in paragraph at lines 20212--20212
[]\T1/lmtt/m/n/10 ## [mbo] 0: mtry=2; min.node.size=416; sample.fraction=0.47 :
 y = 0.709 : 1.5 secs : initdesign[] 
 []


Overfull \hbox (28.99353pt too wide) in paragraph at lines 20216--20216
[]\T1/lmtt/m/n/10 ## [mbo] 0: mtry=3; min.node.size=31; sample.fraction=0.895 :
 y = 0.742 : 8.5 secs : initdesign[] 
 []


Overfull \hbox (23.74355pt too wide) in paragraph at lines 20220--20220
[]\T1/lmtt/m/n/10 ## [mbo] 0: mtry=2; min.node.size=2; sample.fraction=0.501 : 
y = 0.746 : 7.4 secs : initdesign[] 
 []


Overfull \hbox (28.99353pt too wide) in paragraph at lines 20224--20224
[]\T1/lmtt/m/n/10 ## [mbo] 0: mtry=3; min.node.size=79; sample.fraction=0.419 :
 y = 0.695 : 3.5 secs : initdesign[] 
 []


Overfull \hbox (28.99353pt too wide) in paragraph at lines 20228--20228
[]\T1/lmtt/m/n/10 ## [mbo] 0: mtry=2; min.node.size=16; sample.fraction=0.213 :
 y = 0.692 : 2.6 secs : initdesign[] 
 []


Overfull \hbox (28.99353pt too wide) in paragraph at lines 20232--20232
[]\T1/lmtt/m/n/10 ## [mbo] 0: mtry=3; min.node.size=12; sample.fraction=0.655 :
 y = 0.739 : 8.2 secs : initdesign[] 
 []


Overfull \hbox (60.49344pt too wide) in paragraph at lines 20236--20236
[]\T1/lmtt/m/n/10 ## [mbo] 0: mtry=2; min.node.size=1.88e+03; sample.fraction=0
.686 : y = 0.735 : 1.2 secs : initdesign[] 
 []


Overfull \hbox (28.99353pt too wide) in paragraph at lines 20240--20240
[]\T1/lmtt/m/n/10 ## [mbo] 0: mtry=1; min.node.size=19; sample.fraction=0.556 :
 y = 0.707 : 1.7 secs : initdesign[] 
 []


Overfull \hbox (23.74355pt too wide) in paragraph at lines 20244--20244
[]\T1/lmtt/m/n/10 ## [mbo] 0: mtry=1; min.node.size=2; sample.fraction=0.835 : 
y = 0.708 : 1.7 secs : initdesign[] 
 []


Overfull \hbox (34.24352pt too wide) in paragraph at lines 20248--20248
[]\T1/lmtt/m/n/10 ## [mbo] 0: mtry=1; min.node.size=153; sample.fraction=0.872 
: y = 0.712 : 1.3 secs : initdesign[] 
 []


Overfull \hbox (60.49344pt too wide) in paragraph at lines 20252--20252
[]\T1/lmtt/m/n/10 ## [mbo] 0: mtry=1; min.node.size=1.34e+03; sample.fraction=0
.272 : y = 0.783 : 0.8 secs : initdesign[] 
 []


Overfull \hbox (34.24352pt too wide) in paragraph at lines 20256--20256
[]\T1/lmtt/m/n/10 ## [mbo] 0: mtry=3; min.node.size=638; sample.fraction=0.794 
: y = 0.709 : 2.2 secs : initdesign[] 
 []


Overfull \hbox (23.74355pt too wide) in paragraph at lines 20260--20260
[]\T1/lmtt/m/n/10 ## [mbo] 0: mtry=3; min.node.size=4; sample.fraction=0.359 : 
y = 0.719 : 6.3 secs : initdesign[] 
 []


Overfull \hbox (60.49344pt too wide) in paragraph at lines 20264--20264
[]\T1/lmtt/m/n/10 ## [mbo] 0: mtry=3; min.node.size=2.03e+03; sample.fraction=0
.374 : y = 0.768 : 0.8 secs : initdesign[] 
 []


Overfull \hbox (23.74355pt too wide) in paragraph at lines 20268--20268
[]\T1/lmtt/m/n/10 ## [mbo] 0: mtry=1; min.node.size=5; sample.fraction=0.227 : 
y = 0.709 : 1.2 secs : initdesign[] 
 []


Overfull \hbox (28.99353pt too wide) in paragraph at lines 20272--20272
[]\T1/lmtt/m/n/10 ## [mbo] 0: mtry=2; min.node.size=48; sample.fraction=0.624 :
 y = 0.697 : 4.2 secs : initdesign[] 
 []


Overfull \hbox (23.74355pt too wide) in paragraph at lines 20276--20276
[]\T1/lmtt/m/n/10 ## [mbo] 1: mtry=3; min.node.size=32; sample.fraction=0.202 :
 y = 0.693 : 3.0 secs : infill_cb[] 
 []


Overfull \hbox (23.74355pt too wide) in paragraph at lines 20280--20280
[]\T1/lmtt/m/n/10 ## [mbo] 2: mtry=2; min.node.size=56; sample.fraction=0.275 :
 y = 0.693 : 2.3 secs : infill_cb[] 
 []

[377]
Overfull \hbox (23.74355pt too wide) in paragraph at lines 20284--20284
[]\T1/lmtt/m/n/10 ## [mbo] 3: mtry=3; min.node.size=20; sample.fraction=0.255 :
 y = 0.693 : 3.5 secs : infill_cb[] 
 []


Overfull \hbox (23.74355pt too wide) in paragraph at lines 20288--20288
[]\T1/lmtt/m/n/10 ## [mbo] 4: mtry=3; min.node.size=16; sample.fraction=0.204 :
 y = 0.692 : 3.1 secs : infill_cb[] 
 []


Overfull \hbox (23.74355pt too wide) in paragraph at lines 20292--20292
[]\T1/lmtt/m/n/10 ## [mbo] 5: mtry=2; min.node.size=31; sample.fraction=0.322 :
 y = 0.692 : 2.9 secs : infill_cb[] 
 []


Overfull \hbox (23.74355pt too wide) in paragraph at lines 20296--20296
[]\T1/lmtt/m/n/10 ## [mbo] 6: mtry=2; min.node.size=25; sample.fraction=0.217 :
 y = 0.691 : 2.5 secs : infill_cb[] 
 []


Overfull \hbox (23.74355pt too wide) in paragraph at lines 20300--20300
[]\T1/lmtt/m/n/10 ## [mbo] 7: mtry=2; min.node.size=96; sample.fraction=0.573 :
 y = 0.694 : 3.2 secs : infill_cb[] 
 []


Overfull \hbox (23.74355pt too wide) in paragraph at lines 20304--20304
[]\T1/lmtt/m/n/10 ## [mbo] 8: mtry=2; min.node.size=48; sample.fraction=0.386 :
 y = 0.693 : 3.0 secs : infill_cb[] 
 []


Overfull \hbox (18.49356pt too wide) in paragraph at lines 20308--20308
[]\T1/lmtt/m/n/10 ## [mbo] 9: mtry=1; min.node.size=2; sample.fraction=0.208 : 
y = 0.709 : 1.2 secs : infill_cb[] 
 []


Overfull \hbox (28.99353pt too wide) in paragraph at lines 20312--20312
[]\T1/lmtt/m/n/10 ## [mbo] 10: mtry=3; min.node.size=46; sample.fraction=0.324 
: y = 0.693 : 3.4 secs : infill_cb[] 
 []


Overfull \hbox (23.74355pt too wide) in paragraph at lines 20316--20316
[]\T1/lmtt/m/n/10 ## [mbo] 11: mtry=2; min.node.size=31; sample.fraction=0.22 :
 y = 0.692 : 2.4 secs : infill_cb[] 
 []


Overfull \hbox (28.99353pt too wide) in paragraph at lines 20320--20320
[]\T1/lmtt/m/n/10 ## [mbo] 12: mtry=2; min.node.size=17; sample.fraction=0.205 
: y = 0.692 : 2.6 secs : infill_cb[] 
 []


Overfull \hbox (28.99353pt too wide) in paragraph at lines 20324--20324
[]\T1/lmtt/m/n/10 ## [mbo] 13: mtry=2; min.node.size=25; sample.fraction=0.248 
: y = 0.691 : 2.6 secs : infill_cb[] 
 []


Overfull \hbox (28.99353pt too wide) in paragraph at lines 20328--20328
[]\T1/lmtt/m/n/10 ## [mbo] 14: mtry=2; min.node.size=21; sample.fraction=0.226 
: y = 0.692 : 2.6 secs : infill_cb[] 
 []


Overfull \hbox (28.99353pt too wide) in paragraph at lines 20332--20332
[]\T1/lmtt/m/n/10 ## [mbo] 15: mtry=3; min.node.size=26; sample.fraction=0.245 
: y = 0.692 : 3.2 secs : infill_cb[] 
 []


Overfull \hbox (28.99353pt too wide) in paragraph at lines 20336--20336
[]\T1/lmtt/m/n/10 ## [mbo] 16: mtry=2; min.node.size=26; sample.fraction=0.218 
: y = 0.691 : 2.4 secs : infill_cb[] 
 []


Overfull \hbox (28.99353pt too wide) in paragraph at lines 20340--20340
[]\T1/lmtt/m/n/10 ## [mbo] 17: mtry=3; min.node.size=77; sample.fraction=0.251 
: y = 0.696 : 2.4 secs : infill_cb[] 
 []


Overfull \hbox (28.99353pt too wide) in paragraph at lines 20344--20344
[]\T1/lmtt/m/n/10 ## [mbo] 18: mtry=2; min.node.size=35; sample.fraction=0.279 
: y = 0.692 : 2.6 secs : infill_cb[] 
 []


Overfull \hbox (28.99353pt too wide) in paragraph at lines 20348--20348
[]\T1/lmtt/m/n/10 ## [mbo] 19: mtry=2; min.node.size=29; sample.fraction=0.266 
: y = 0.691 : 2.7 secs : infill_cb[] 
 []


Overfull \hbox (28.99353pt too wide) in paragraph at lines 20352--20352
[]\T1/lmtt/m/n/10 ## [mbo] 20: mtry=2; min.node.size=23; sample.fraction=0.222 
: y = 0.691 : 2.6 secs : infill_cb[] 
 []

[378]
Overfull \hbox (23.74355pt too wide) in paragraph at lines 20437--20437
[]\T1/lmtt/m/n/10 ## [mbo] 0: mtry=2; min.node.size=5; sample.fraction=0.742 : 
y = 0.387 : 3.2 secs : initdesign[] 
 []


Overfull \hbox (28.99353pt too wide) in paragraph at lines 20441--20441
[]\T1/lmtt/m/n/10 ## [mbo] 0: mtry=1; min.node.size=17; sample.fraction=0.377 :
 y = 0.343 : 1.1 secs : initdesign[] 
 []


Overfull \hbox (34.24352pt too wide) in paragraph at lines 20445--20445
[]\T1/lmtt/m/n/10 ## [mbo] 0: mtry=2; min.node.size=237; sample.fraction=0.335 
: y = 0.378 : 0.7 secs : initdesign[] 
 []


Overfull \hbox (34.24352pt too wide) in paragraph at lines 20449--20449
[]\T1/lmtt/m/n/10 ## [mbo] 0: mtry=2; min.node.size=146; sample.fraction=0.552 
: y = 0.363 : 0.9 secs : initdesign[] 
 []


Overfull \hbox (34.24352pt too wide) in paragraph at lines 20453--20453
[]\T1/lmtt/m/n/10 ## [mbo] 0: mtry=1; min.node.size=174; sample.fraction=0.503 
: y = 0.368 : 0.6 secs : initdesign[] 
 []


Overfull \hbox (34.24352pt too wide) in paragraph at lines 20457--20457
[]\T1/lmtt/m/n/10 ## [mbo] 0: mtry=1; min.node.size=119; sample.fraction=0.655 
: y = 0.357 : 0.8 secs : initdesign[] 
 []


Overfull \hbox (23.74355pt too wide) in paragraph at lines 20461--20461
[]\T1/lmtt/m/n/10 ## [mbo] 0: mtry=2; min.node.size=10; sample.fraction=0.625 :
 y = 0.36 : 2.6 secs : initdesign[] 
 []


Overfull \hbox (28.99353pt too wide) in paragraph at lines 20465--20465
[]\T1/lmtt/m/n/10 ## [mbo] 0: mtry=2; min.node.size=29; sample.fraction=0.438 :
 y = 0.345 : 1.8 secs : initdesign[] 
 []


Overfull \hbox (23.74355pt too wide) in paragraph at lines 20469--20469
[]\T1/lmtt/m/n/10 ## [mbo] 0: mtry=2; min.node.size=3; sample.fraction=0.677 : 
y = 0.384 : 3.6 secs : initdesign[] 
 []


Overfull \hbox (18.49356pt too wide) in paragraph at lines 20473--20473
[]\T1/lmtt/m/n/10 ## [mbo] 0: mtry=1; min.node.size=2; sample.fraction=0.415 : 
y = 0.35 : 1.8 secs : initdesign[] 
 []


Overfull \hbox (28.99353pt too wide) in paragraph at lines 20477--20477
[]\T1/lmtt/m/n/10 ## [mbo] 0: mtry=2; min.node.size=36; sample.fraction=0.714 :
 y = 0.351 : 1.8 secs : initdesign[] 
 []


Overfull \hbox (28.99353pt too wide) in paragraph at lines 20481--20481
[]\T1/lmtt/m/n/10 ## [mbo] 0: mtry=1; min.node.size=12; sample.fraction=0.893 :
 y = 0.367 : 1.9 secs : initdesign[] 
 []


Overfull \hbox (34.24352pt too wide) in paragraph at lines 20485--20485
[]\T1/lmtt/m/n/10 ## [mbo] 0: mtry=2; min.node.size=250; sample.fraction=0.287 
: y = 0.383 : 0.5 secs : initdesign[] 
 []


Overfull \hbox (34.24352pt too wide) in paragraph at lines 20489--20489
[]\T1/lmtt/m/n/10 ## [mbo] 0: mtry=1; min.node.size=327; sample.fraction=0.702 
: y = 0.375 : 0.6 secs : initdesign[] 
 []


Overfull \hbox (23.74355pt too wide) in paragraph at lines 20493--20493
[]\T1/lmtt/m/n/10 ## [mbo] 0: mtry=1; min.node.size=4; sample.fraction=0.608 : 
y = 0.359 : 1.9 secs : initdesign[] 
 []


Overfull \hbox (28.99353pt too wide) in paragraph at lines 20497--20497
[]\T1/lmtt/m/n/10 ## [mbo] 0: mtry=2; min.node.size=76; sample.fraction=0.265 :
 y = 0.363 : 0.8 secs : initdesign[] 
 []


Overfull \hbox (28.99353pt too wide) in paragraph at lines 20501--20501
[]\T1/lmtt/m/n/10 ## [mbo] 0: mtry=1; min.node.size=50; sample.fraction=0.504 :
 y = 0.348 : 0.9 secs : initdesign[] 
 []


Overfull \hbox (34.24352pt too wide) in paragraph at lines 20505--20505
[]\T1/lmtt/m/n/10 ## [mbo] 0: mtry=1; min.node.size=395; sample.fraction=0.294 
: y = 0.395 : 0.4 secs : initdesign[] 
 []


Overfull \hbox (18.49356pt too wide) in paragraph at lines 20509--20509
[]\T1/lmtt/m/n/10 ## [mbo] 0: mtry=1; min.node.size=2; sample.fraction=0.769 : 
y = 0.38 : 2.8 secs : initdesign[] 
 []


Overfull \hbox (23.74355pt too wide) in paragraph at lines 20513--20513
[]\T1/lmtt/m/n/10 ## [mbo] 0: mtry=1; min.node.size=6; sample.fraction=0.353 : 
y = 0.343 : 1.3 secs : initdesign[] 
 []


Overfull \hbox (28.99353pt too wide) in paragraph at lines 20517--20517
[]\T1/lmtt/m/n/10 ## [mbo] 0: mtry=2; min.node.size=79; sample.fraction=0.582 :
 y = 0.351 : 1.2 secs : initdesign[] 
 []


Overfull \hbox (23.74355pt too wide) in paragraph at lines 20521--20521
[]\T1/lmtt/m/n/10 ## [mbo] 0: mtry=1; min.node.size=20; sample.fraction=0.22 : 
y = 0.348 : 0.8 secs : initdesign[] 
 []


Overfull \hbox (23.74355pt too wide) in paragraph at lines 20525--20525
[]\T1/lmtt/m/n/10 ## [mbo] 0: mtry=2; min.node.size=3; sample.fraction=0.469 : 
y = 0.359 : 2.6 secs : initdesign[] 
 []


Overfull \hbox (28.99353pt too wide) in paragraph at lines 20529--20529
[]\T1/lmtt/m/n/10 ## [mbo] 0: mtry=1; min.node.size=41; sample.fraction=0.787 :
 y = 0.349 : 1.2 secs : initdesign[] 
 []


Overfull \hbox (34.24352pt too wide) in paragraph at lines 20533--20533
[]\T1/lmtt/m/n/10 ## [mbo] 0: mtry=2; min.node.size=626; sample.fraction=0.388 
: y = 0.401 : 0.4 secs : initdesign[] 
 []


Overfull \hbox (34.24352pt too wide) in paragraph at lines 20537--20537
[]\T1/lmtt/m/n/10 ## [mbo] 0: mtry=1; min.node.size=905; sample.fraction=0.814 
: y = 0.394 : 0.4 secs : initdesign[] 
 []


Overfull \hbox (23.74355pt too wide) in paragraph at lines 20541--20541
[]\T1/lmtt/m/n/10 ## [mbo] 0: mtry=2; min.node.size=2; sample.fraction=0.851 : 
y = 0.424 : 4.7 secs : initdesign[] 
 []


Overfull \hbox (34.24352pt too wide) in paragraph at lines 20545--20545
[]\T1/lmtt/m/n/10 ## [mbo] 0: mtry=2; min.node.size=556; sample.fraction=0.856 
: y = 0.384 : 0.6 secs : initdesign[] 
 []


Overfull \hbox (28.99353pt too wide) in paragraph at lines 20549--20549
[]\T1/lmtt/m/n/10 ## [mbo] 0: mtry=2; min.node.size=15; sample.fraction=0.235 :
 y = 0.343 : 1.1 secs : initdesign[] 
 []


Overfull \hbox (23.74355pt too wide) in paragraph at lines 20553--20553
[]\T1/lmtt/m/n/10 ## [mbo] 0: mtry=1; min.node.size=7; sample.fraction=0.549 : 
y = 0.351 : 1.6 secs : initdesign[] 
 []


Overfull \hbox (18.49356pt too wide) in paragraph at lines 20557--20557
[]\T1/lmtt/m/n/10 ## [mbo] 1: mtry=2; min.node.size=4; sample.fraction=0.205 : 
y = 0.342 : 1.4 secs : infill_cb[] 
 []


Overfull \hbox (18.49356pt too wide) in paragraph at lines 20561--20561
[]\T1/lmtt/m/n/10 ## [mbo] 2: mtry=2; min.node.size=9; sample.fraction=0.317 : 
y = 0.343 : 1.5 secs : infill_cb[] 
 []

[379]
Overfull \hbox (7.99359pt too wide) in paragraph at lines 20565--20565
[]\T1/lmtt/m/n/10 ## [mbo] 3: mtry=1; min.node.size=3; sample.fraction=0.2 : y 
= 0.342 : 1.0 secs : infill_cb[] 
 []


Overfull \hbox (18.49356pt too wide) in paragraph at lines 20569--20569
[]\T1/lmtt/m/n/10 ## [mbo] 4: mtry=2; min.node.size=3; sample.fraction=0.202 : 
y = 0.342 : 1.4 secs : infill_cb[] 
 []


Overfull \hbox (18.49356pt too wide) in paragraph at lines 20573--20573
[]\T1/lmtt/m/n/10 ## [mbo] 5: mtry=2; min.node.size=6; sample.fraction=0.206 : 
y = 0.342 : 1.3 secs : infill_cb[] 
 []


Overfull \hbox (18.49356pt too wide) in paragraph at lines 20577--20577
[]\T1/lmtt/m/n/10 ## [mbo] 6: mtry=1; min.node.size=5; sample.fraction=0.206 : 
y = 0.342 : 1.0 secs : infill_cb[] 
 []


Overfull \hbox (18.49356pt too wide) in paragraph at lines 20581--20581
[]\T1/lmtt/m/n/10 ## [mbo] 7: mtry=1; min.node.size=2; sample.fraction=0.203 : 
y = 0.341 : 1.3 secs : infill_cb[] 
 []


Overfull \hbox (18.49356pt too wide) in paragraph at lines 20585--20585
[]\T1/lmtt/m/n/10 ## [mbo] 8: mtry=2; min.node.size=2; sample.fraction=0.201 : 
y = 0.341 : 1.5 secs : infill_cb[] 
 []


Overfull \hbox (18.49356pt too wide) in paragraph at lines 20589--20589
[]\T1/lmtt/m/n/10 ## [mbo] 9: mtry=1; min.node.size=2; sample.fraction=0.204 : 
y = 0.342 : 1.1 secs : infill_cb[] 
 []


Overfull \hbox (23.74355pt too wide) in paragraph at lines 20593--20593
[]\T1/lmtt/m/n/10 ## [mbo] 10: mtry=1; min.node.size=2; sample.fraction=0.208 :
 y = 0.341 : 1.1 secs : infill_cb[] 
 []


Overfull \hbox (28.99353pt too wide) in paragraph at lines 20597--20597
[]\T1/lmtt/m/n/10 ## [mbo] 11: mtry=2; min.node.size=14; sample.fraction=0.363 
: y = 0.343 : 1.5 secs : infill_cb[] 
 []


Overfull \hbox (13.24358pt too wide) in paragraph at lines 20601--20601
[]\T1/lmtt/m/n/10 ## [mbo] 12: mtry=1; min.node.size=2; sample.fraction=0.2 : y
 = 0.341 : 1.1 secs : infill_cb[] 
 []


Overfull \hbox (23.74355pt too wide) in paragraph at lines 20605--20605
[]\T1/lmtt/m/n/10 ## [mbo] 13: mtry=1; min.node.size=2; sample.fraction=0.202 :
 y = 0.341 : 1.2 secs : infill_cb[] 
 []


Overfull \hbox (23.74355pt too wide) in paragraph at lines 20609--20609
[]\T1/lmtt/m/n/10 ## [mbo] 14: mtry=1; min.node.size=2; sample.fraction=0.208 :
 y = 0.341 : 1.1 secs : infill_cb[] 
 []


Overfull \hbox (23.74355pt too wide) in paragraph at lines 20613--20613
[]\T1/lmtt/m/n/10 ## [mbo] 15: mtry=1; min.node.size=2; sample.fraction=0.235 :
 y = 0.341 : 1.2 secs : infill_cb[] 
 []


Overfull \hbox (28.99353pt too wide) in paragraph at lines 20617--20617
[]\T1/lmtt/m/n/10 ## [mbo] 16: mtry=1; min.node.size=10; sample.fraction=0.312 
: y = 0.342 : 1.0 secs : infill_cb[] 
 []


Overfull \hbox (13.24358pt too wide) in paragraph at lines 20621--20621
[]\T1/lmtt/m/n/10 ## [mbo] 17: mtry=2; min.node.size=2; sample.fraction=0.2 : y
 = 0.341 : 1.4 secs : infill_cb[] 
 []


Overfull \hbox (23.74355pt too wide) in paragraph at lines 20625--20625
[]\T1/lmtt/m/n/10 ## [mbo] 18: mtry=2; min.node.size=2; sample.fraction=0.201 :
 y = 0.342 : 1.5 secs : infill_cb[] 
 []


Overfull \hbox (18.49356pt too wide) in paragraph at lines 20629--20629
[]\T1/lmtt/m/n/10 ## [mbo] 19: mtry=1; min.node.size=2; sample.fraction=0.23 : 
y = 0.342 : 1.2 secs : infill_cb[] 
 []


Overfull \hbox (23.74355pt too wide) in paragraph at lines 20633--20633
[]\T1/lmtt/m/n/10 ## [mbo] 20: mtry=1; min.node.size=2; sample.fraction=0.211 :
 y = 0.341 : 1.1 secs : infill_cb[] 
 []


Overfull \hbox (343.99261pt too wide) in paragraph at lines 20680--20680
[]\T1/lmtt/m/n/10 ## Hyperparameters: num.threads=8,verbose=FALSE,respect.unord
ered.factors=order,mtry=3,min.node.size=21,sample.fraction=0.212,num.trees=1e+0
3,replace=FALSE[] 
 []

[380]
Overfull \hbox (343.99261pt too wide) in paragraph at lines 20697--20697
[]\T1/lmtt/m/n/10 ## Hyperparameters: num.threads=8,verbose=FALSE,respect.unord
ered.factors=order,mtry=2,min.node.size=25,sample.fraction=0.219,num.trees=1e+0
3,replace=FALSE[] 
 []


Overfull \hbox (338.74263pt too wide) in paragraph at lines 20711--20711
[]\T1/lmtt/m/n/10 ## Hyperparameters: num.threads=8,verbose=FALSE,respect.unord
ered.factors=order,mtry=1,min.node.size=2,sample.fraction=0.205,num.trees=1e+03
,replace=FALSE[] 
 []


Overfull \hbox (454.2423pt too wide) in paragraph at lines 20737--20737
[]\T1/lmtt/m/n/10 ##  ranger(price ~ ., data = train, write.forest = TRUE, clas
sification = F,      mtry = 3, min.node.size = 35, sample.fraction = 0.326, num
.trees = 1000,      replace = FALSE)[] 
 []


Overfull \hbox (480.49222pt too wide) in paragraph at lines 20781--20781
[]\T1/lmtt/m/n/10 ##  ranger(price ~ ., data = train_neig, write.forest = TRUE,
 classification = F,      mtry = 2, min.node.size = 22, sample.fraction = 0.231
, num.trees = 1000,      replace = FALSE)[] 
 []

[381]
Overfull \hbox (496.24217pt too wide) in paragraph at lines 20824--20824
[]\T1/lmtt/m/n/10 ##  ranger(price ~ ., data = train_neig_room, write.forest = 
TRUE,      classification = F, mtry = 1, min.node.size = 5, sample.fraction = 0
.21,      num.trees = 1000, replace = FALSE)[] 
 []

[382] [383]
Overfull \hbox (304.27701pt too wide) in paragraph at lines 21018--21020
[]\T1/lmr/m/n/10 (-20) nn_pred=compute(nn,test[,1:13]) nn_pred$\OML/lmm/m/it/10
 net:resultRMSE < \OMS/lmsy/m/n/10  \OML/lmm/m/it/10 function\OT1/lmr/m/n/10 (-
20) (\OML/lmm/m/it/10 actual; predicted\OT1/lmr/m/n/10 (-20) )[]\OML/lmm/m/it/1
0 summary\OT1/lmr/m/n/10 (-20) (\OML/lmm/m/it/10 nn[]red\OT1/lmr/m/n/10 (-20) )
\OML/lmm/m/it/10 nn[]red <
 []

[384] [385]
<project_files/figure-latex/unnamed-chunk-52-1.pdf, id=1877, 469.755pt x 325.21
5pt>
File: project_files/figure-latex/unnamed-chunk-52-1.pdf Graphic file (type pdf)

<use project_files/figure-latex/unnamed-chunk-52-1.pdf>
Package pdftex.def Info: project_files/figure-latex/unnamed-chunk-52-1.pdf  use
d on input line 21146.
(pdftex.def)             Requested size: 469.75386pt x 325.2142pt.
[386]
<project_files/figure-latex/unnamed-chunk-52-2.pdf, id=1882, 469.755pt x 325.21
5pt>
File: project_files/figure-latex/unnamed-chunk-52-2.pdf Graphic file (type pdf)

<use project_files/figure-latex/unnamed-chunk-52-2.pdf>
Package pdftex.def Info: project_files/figure-latex/unnamed-chunk-52-2.pdf  use
d on input line 21159.
(pdftex.def)             Requested size: 469.75386pt x 325.2142pt.
[387 <./project_files/figure-latex/unnamed-chunk-52-1.pdf>]
<project_files/figure-latex/unnamed-chunk-54-1.pdf, id=1892, 469.755pt x 325.21
5pt>
File: project_files/figure-latex/unnamed-chunk-54-1.pdf Graphic file (type pdf)

<use project_files/figure-latex/unnamed-chunk-54-1.pdf>
Package pdftex.def Info: project_files/figure-latex/unnamed-chunk-54-1.pdf  use
d on input line 21197.
(pdftex.def)             Requested size: 469.75386pt x 325.2142pt.
[388 <./project_files/figure-latex/unnamed-chunk-52-2.pdf>] [389 <./project_fil
es/figure-latex/unnamed-chunk-54-1.pdf>] [390]
<project_files/figure-latex/unnamed-chunk-57-1.pdf, id=1915, 469.755pt x 325.21
5pt>
File: project_files/figure-latex/unnamed-chunk-57-1.pdf Graphic file (type pdf)

<use project_files/figure-latex/unnamed-chunk-57-1.pdf>
Package pdftex.def Info: project_files/figure-latex/unnamed-chunk-57-1.pdf  use
d on input line 21388.
(pdftex.def)             Requested size: 469.75386pt x 325.2142pt.
[391]
<project_files/figure-latex/unnamed-chunk-59-1.pdf, id=1921, 469.755pt x 325.21
5pt>
File: project_files/figure-latex/unnamed-chunk-59-1.pdf Graphic file (type pdf)

<use project_files/figure-latex/unnamed-chunk-59-1.pdf>
Package pdftex.def Info: project_files/figure-latex/unnamed-chunk-59-1.pdf  use
d on input line 21426.
(pdftex.def)             Requested size: 469.75386pt x 325.2142pt.
[392 <./project_files/figure-latex/unnamed-chunk-57-1.pdf>]
<project_files/figure-latex/unnamed-chunk-60-1.pdf, id=1931, 469.755pt x 325.21
5pt>
File: project_files/figure-latex/unnamed-chunk-60-1.pdf Graphic file (type pdf)

<use project_files/figure-latex/unnamed-chunk-60-1.pdf>
Package pdftex.def Info: project_files/figure-latex/unnamed-chunk-60-1.pdf  use
d on input line 21451.
(pdftex.def)             Requested size: 469.75386pt x 325.2142pt.
[393 <./project_files/figure-latex/unnamed-chunk-59-1.pdf>]
<project_files/figure-latex/unnamed-chunk-60-2.pdf, id=1941, 469.755pt x 325.21
5pt>
File: project_files/figure-latex/unnamed-chunk-60-2.pdf Graphic file (type pdf)

<use project_files/figure-latex/unnamed-chunk-60-2.pdf>
Package pdftex.def Info: project_files/figure-latex/unnamed-chunk-60-2.pdf  use
d on input line 21464.
(pdftex.def)             Requested size: 469.75386pt x 325.2142pt.
[394 <./project_files/figure-latex/unnamed-chunk-60-1.pdf>]
LaTeX Font Info:    Trying to load font information for TS1+lmr on input line 2
1486.
("C:\Program Files\MiKTeX 2.9\tex/latex/lm\ts1lmr.fd"
File: ts1lmr.fd 2009/10/30 v1.6 Font defs for Latin Modern
)

! Package inputenc Error: Unicode character  (U+03BB)
(inputenc)                not set up for use with LaTeX.

See the inputenc package documentation for explanation.
Type  H <return>  for immediate help.
 ...                                              
                                                  
l.21497 ...ariables for cluster assignment.If no
                                                  is specified 
Here is how much of TeX's memory you used:
 14126 strings out of 480795
 213092 string characters out of 2905440
 1123222 words of memory out of 3000000
 29406 multiletter control sequences out of 15000+200000
 586877 words of font info for 86 fonts, out of 3000000 for 9000
 1141 hyphenation exceptions out of 8191
 44i,5n,42p,808b,465s stack positions out of 5000i,500n,10000p,200000b,50000s

!  ==> Fatal error occurred, no output PDF file produced!
